[ 2019-06-24T11:20:42+08:00 ] 127.0.0.1 /RMS3/index.php/Home/repair/getRepairList.html
INFO: [ app_init ] --START--
INFO: Run Behavior\BuildLiteBehavior [ RunTime:0.000050s ]
INFO: [ app_init ] --END-- [ RunTime:0.000514s ]
INFO: [ app_begin ] --START--
INFO: Run Behavior\ReadHtmlCacheBehavior [ RunTime:0.000536s ]
INFO: [ app_begin ] --END-- [ RunTime:0.000651s ]
SQL: SHOW COLUMNS FROM `rms_repair_record` [ RunTime:0.0046s ]
NOTIC: [8] Undefined index: limit C:\wamp64\www\ThinkPHP\Library\Think\Db\Driver.class.php 第 961 行.
SQL: SELECT `client_id`,`order_num`,`repair_status` FROM `rms_repair_record` LIMIT 0,20   [ RunTime:0.0006s ]

[ 2019-06-24T11:22:24+08:00 ] 127.0.0.1 /RMS3/index.php/Home/repair/getRepairList.html?page=1
INFO: [ app_init ] --START--
INFO: Run Behavior\BuildLiteBehavior [ RunTime:0.000030s ]
INFO: [ app_init ] --END-- [ RunTime:0.000453s ]
INFO: [ app_begin ] --START--
INFO: Run Behavior\ReadHtmlCacheBehavior [ RunTime:0.000852s ]
INFO: [ app_begin ] --END-- [ RunTime:0.000984s ]
SQL: SHOW COLUMNS FROM `rms_repair_record` [ RunTime:0.0046s ]
SQL: SELECT `client_id`,`order_num`,`repair_status` FROM `rms_repair_record` LIMIT 0,10   [ RunTime:0.0005s ]

[ 2019-06-24T11:23:44+08:00 ] 127.0.0.1 /RMS3/index.php/Home/repair/getRepairList.html?page=1
INFO: [ app_init ] --START--
INFO: Run Behavior\BuildLiteBehavior [ RunTime:0.000039s ]
INFO: [ app_init ] --END-- [ RunTime:0.000399s ]
INFO: [ app_begin ] --START--
INFO: Run Behavior\ReadHtmlCacheBehavior [ RunTime:0.000672s ]
INFO: [ app_begin ] --END-- [ RunTime:0.000782s ]
SQL: SHOW COLUMNS FROM `rms_repair_record` [ RunTime:0.0008s ]
SQL: SELECT `client_id`,`order_num`,`repair_status` FROM `rms_repair_record` LIMIT 0,10   [ RunTime:0.0004s ]

[ 2019-06-24T11:41:48+08:00 ] 127.0.0.1 /RMS3/index.php/Home/login/check.html
INFO: [ app_init ] --START--
INFO: Run Behavior\BuildLiteBehavior [ RunTime:0.000047s ]
INFO: [ app_init ] --END-- [ RunTime:0.000758s ]
INFO: [ app_begin ] --START--
INFO: Run Behavior\ReadHtmlCacheBehavior [ RunTime:0.001245s ]
INFO: [ app_begin ] --END-- [ RunTime:0.001453s ]
SQL: SHOW COLUMNS FROM `rms_user` [ RunTime:0.0020s ]
SQL: SELECT `id`,`user_password`,`user_name`,`type` FROM `rms_user` WHERE `id` = 55 AND `user_password` = '555555' LIMIT 1   [ RunTime:0.0013s ]
NOTIC: [8] Undefined index: id C:\wamp64\www\RMS3\Application\Home\Controller\LoginController.class.php 第 39 行.

[ 2019-06-24T11:43:01+08:00 ] 127.0.0.1 /RMS3/index.php/Home/login/check.html
INFO: [ app_init ] --START--
INFO: Run Behavior\BuildLiteBehavior [ RunTime:0.000040s ]
INFO: [ app_init ] --END-- [ RunTime:0.000519s ]
INFO: [ app_begin ] --START--
INFO: Run Behavior\ReadHtmlCacheBehavior [ RunTime:0.000920s ]
INFO: [ app_begin ] --END-- [ RunTime:0.001100s ]
SQL: SHOW COLUMNS FROM `rms_user` [ RunTime:0.0013s ]
SQL: SELECT `id`,`user_password`,`user_name`,`type` FROM `rms_user` WHERE `id` = 55 AND `user_password` = '555555' LIMIT 1   [ RunTime:0.0008s ]

[ 2019-06-24T13:56:07+08:00 ] 127.0.0.1 /RMS3/index.php/Home/login/check.html
INFO: [ app_init ] --START--
INFO: Run Behavior\BuildLiteBehavior [ RunTime:0.000033s ]
INFO: [ app_init ] --END-- [ RunTime:0.000601s ]
INFO: [ app_begin ] --START--
INFO: Run Behavior\ReadHtmlCacheBehavior [ RunTime:0.003190s ]
INFO: [ app_begin ] --END-- [ RunTime:0.003323s ]
SQL: SHOW COLUMNS FROM `rms_user` [ RunTime:0.0039s ]
SQL: SELECT `id`,`user_password`,`user_name`,`type` FROM `rms_user` WHERE `id` = 55 AND `user_password` = '555555' LIMIT 1   [ RunTime:0.0011s ]

[ 2019-06-24T13:56:55+08:00 ] 127.0.0.1 /RMS3/index.php/Home/login/check.html
INFO: [ app_init ] --START--
INFO: Run Behavior\BuildLiteBehavior [ RunTime:0.000017s ]
INFO: [ app_init ] --END-- [ RunTime:0.000267s ]
INFO: [ app_begin ] --START--
INFO: Run Behavior\ReadHtmlCacheBehavior [ RunTime:0.000784s ]
INFO: [ app_begin ] --END-- [ RunTime:0.000897s ]
SQL: SHOW COLUMNS FROM `rms_user` [ RunTime:0.0015s ]
SQL: SELECT `id`,`user_password`,`user_name`,`type` FROM `rms_user` WHERE `id` = 55 AND `user_password` = '555555' LIMIT 1   [ RunTime:0.0005s ]
NOTIC: [8] Undefined index: id C:\wamp64\www\RMS3\Application\Home\Controller\LoginController.class.php 第 40 行.

[ 2019-06-24T13:58:43+08:00 ] 127.0.0.1 /RMS3/index.php/Home/login/check.html
INFO: [ app_init ] --START--
INFO: Run Behavior\BuildLiteBehavior [ RunTime:0.000029s ]
INFO: [ app_init ] --END-- [ RunTime:0.000473s ]
INFO: [ app_begin ] --START--
INFO: Run Behavior\ReadHtmlCacheBehavior [ RunTime:0.000682s ]
INFO: [ app_begin ] --END-- [ RunTime:0.000774s ]
SQL: SHOW COLUMNS FROM `rms_user` [ RunTime:0.0011s ]
SQL: SELECT `id`,`user_password`,`user_name`,`type` FROM `rms_user` WHERE `id` = 55 AND `user_password` = '555555' LIMIT 1   [ RunTime:0.0006s ]
NOTIC: [8] session_start(): A session had already been started - ignoring C:\wamp64\www\RMS3\Application\Home\Controller\LoginController.class.php 第 35 行.
NOTIC: [8] Undefined index: id C:\wamp64\www\RMS3\Application\Home\Controller\LoginController.class.php 第 41 行.

[ 2019-06-24T14:30:01+08:00 ] 127.0.0.1 /RMS3/index.php/Home/login/check.html
INFO: [ app_init ] --START--
INFO: Run Behavior\BuildLiteBehavior [ RunTime:0.000028s ]
INFO: [ app_init ] --END-- [ RunTime:0.000502s ]
INFO: [ app_begin ] --START--
INFO: Run Behavior\ReadHtmlCacheBehavior [ RunTime:0.000722s ]
INFO: [ app_begin ] --END-- [ RunTime:0.000840s ]
SQL: SHOW COLUMNS FROM `rms_user` [ RunTime:0.0016s ]
SQL: SELECT `id`,`user_password`,`user_name`,`type` FROM `rms_user` WHERE `id` = 55 AND `user_password` = '555555' LIMIT 1   [ RunTime:0.0006s ]
NOTIC: [8] session_start(): A session had already been started - ignoring C:\wamp64\www\RMS3\Application\Home\Controller\LoginController.class.php 第 35 行.
NOTIC: [8] Undefined index: id C:\wamp64\www\RMS3\Application\Home\Controller\LoginController.class.php 第 41 行.

[ 2019-06-24T14:30:38+08:00 ] 127.0.0.1 /RMS3/index.php/Home/login/check.html
INFO: [ app_init ] --START--
INFO: Run Behavior\BuildLiteBehavior [ RunTime:0.000017s ]
INFO: [ app_init ] --END-- [ RunTime:0.000207s ]
INFO: [ app_begin ] --START--
INFO: Run Behavior\ReadHtmlCacheBehavior [ RunTime:0.000458s ]
INFO: [ app_begin ] --END-- [ RunTime:0.000554s ]
SQL: SHOW COLUMNS FROM `rms_user` [ RunTime:0.0011s ]
SQL: SELECT `id`,`user_password`,`user_name`,`type` FROM `rms_user` WHERE `id` = 55 AND `user_password` = '555555' LIMIT 1   [ RunTime:0.0005s ]
NOTIC: [8] session_start(): A session had already been started - ignoring C:\wamp64\www\RMS3\Application\Home\Controller\LoginController.class.php 第 35 行.
NOTIC: [8] Undefined index: id C:\wamp64\www\RMS3\Application\Home\Controller\LoginController.class.php 第 42 行.

[ 2019-06-24T14:37:09+08:00 ] 127.0.0.1 /RMS3/index.php/Home/login/check.html
INFO: [ app_init ] --START--
INFO: Run Behavior\BuildLiteBehavior [ RunTime:0.000026s ]
INFO: [ app_init ] --END-- [ RunTime:0.000484s ]
INFO: [ app_begin ] --START--
INFO: Run Behavior\ReadHtmlCacheBehavior [ RunTime:0.000811s ]
INFO: [ app_begin ] --END-- [ RunTime:0.000928s ]
SQL: SHOW COLUMNS FROM `rms_user` [ RunTime:0.0017s ]
SQL: SELECT `id`,`user_password`,`user_name`,`type` FROM `rms_user` WHERE `id` = 55 AND `user_password` = '555555' LIMIT 1   [ RunTime:0.0007s ]
NOTIC: [8] session_start(): A session had already been started - ignoring C:\wamp64\www\RMS3\Application\Home\Controller\LoginController.class.php 第 35 行.
NOTIC: [8] Array to string conversion C:\wamp64\www\RMS3\Application\Home\Controller\LoginController.class.php 第 42 行.
NOTIC: [8] Undefined index: id C:\wamp64\www\RMS3\Application\Home\Controller\LoginController.class.php 第 43 行.

[ 2019-06-24T14:37:54+08:00 ] 127.0.0.1 /RMS3/index.php/Home/login/check.html
INFO: [ app_init ] --START--
INFO: Run Behavior\BuildLiteBehavior [ RunTime:0.000027s ]
INFO: [ app_init ] --END-- [ RunTime:0.000338s ]
INFO: [ app_begin ] --START--
INFO: Run Behavior\ReadHtmlCacheBehavior [ RunTime:0.000538s ]
INFO: [ app_begin ] --END-- [ RunTime:0.000653s ]
SQL: SHOW COLUMNS FROM `rms_user` [ RunTime:0.0012s ]
SQL: SELECT `id`,`user_password`,`user_name`,`type` FROM `rms_user` WHERE `id` = 55 AND `user_password` = '555555' LIMIT 1   [ RunTime:0.0005s ]
NOTIC: [8] session_start(): A session had already been started - ignoring C:\wamp64\www\RMS3\Application\Home\Controller\LoginController.class.php 第 35 行.
NOTIC: [8] Array to string conversion C:\wamp64\www\RMS3\Application\Home\Controller\LoginController.class.php 第 42 行.
NOTIC: [8] Undefined index: id C:\wamp64\www\RMS3\Application\Home\Controller\LoginController.class.php 第 43 行.

[ 2019-06-24T14:38:10+08:00 ] 127.0.0.1 /RMS3/index.php/Home/login/check.html
INFO: [ app_init ] --START--
INFO: Run Behavior\BuildLiteBehavior [ RunTime:0.000032s ]
INFO: [ app_init ] --END-- [ RunTime:0.000326s ]
INFO: [ app_begin ] --START--
INFO: Run Behavior\ReadHtmlCacheBehavior [ RunTime:0.000366s ]
INFO: [ app_begin ] --END-- [ RunTime:0.000428s ]
SQL: SHOW COLUMNS FROM `rms_user` [ RunTime:0.0108s ]
SQL: SELECT `id`,`user_password`,`user_name`,`type` FROM `rms_user` WHERE `id` = 55 AND `user_password` = '555555' LIMIT 1   [ RunTime:0.0006s ]
NOTIC: [8] session_start(): A session had already been started - ignoring C:\wamp64\www\RMS3\Application\Home\Controller\LoginController.class.php 第 35 行.
NOTIC: [8] Array to string conversion C:\wamp64\www\RMS3\Application\Home\Controller\LoginController.class.php 第 42 行.
NOTIC: [8] Undefined index: id C:\wamp64\www\RMS3\Application\Home\Controller\LoginController.class.php 第 43 行.

[ 2019-06-24T14:39:10+08:00 ] 127.0.0.1 /RMS3/index.php/Home/login/check.html
INFO: [ app_init ] --START--
INFO: Run Behavior\BuildLiteBehavior [ RunTime:0.000029s ]
INFO: [ app_init ] --END-- [ RunTime:0.000423s ]
INFO: [ app_begin ] --START--
INFO: Run Behavior\ReadHtmlCacheBehavior [ RunTime:0.000870s ]
INFO: [ app_begin ] --END-- [ RunTime:0.001027s ]
SQL: SHOW COLUMNS FROM `rms_user` [ RunTime:0.0014s ]
SQL: SELECT `id`,`user_password`,`user_name`,`type` FROM `rms_user` WHERE `id` = 55 AND `user_password` = '555555' LIMIT 1   [ RunTime:0.0006s ]
NOTIC: [8] session_start(): A session had already been started - ignoring C:\wamp64\www\RMS3\Application\Home\Controller\LoginController.class.php 第 35 行.
NOTIC: [8] Array to string conversion C:\wamp64\www\RMS3\Application\Home\Controller\LoginController.class.php 第 42 行.
NOTIC: [8] Undefined index: id C:\wamp64\www\RMS3\Application\Home\Controller\LoginController.class.php 第 43 行.

[ 2019-06-24T14:39:42+08:00 ] 127.0.0.1 /RMS3/index.php/Home/login/check.html
INFO: [ app_init ] --START--
INFO: Run Behavior\BuildLiteBehavior [ RunTime:0.000030s ]
INFO: [ app_init ] --END-- [ RunTime:0.000358s ]
INFO: [ app_begin ] --START--
INFO: Run Behavior\ReadHtmlCacheBehavior [ RunTime:0.000606s ]
INFO: [ app_begin ] --END-- [ RunTime:0.000737s ]
SQL: SHOW COLUMNS FROM `rms_user` [ RunTime:0.0012s ]
SQL: SELECT `id`,`user_password`,`user_name`,`type` FROM `rms_user` WHERE `id` = 55 AND `user_password` = '555555' LIMIT 1   [ RunTime:0.0006s ]
NOTIC: [8] session_start(): A session had already been started - ignoring C:\wamp64\www\RMS3\Application\Home\Controller\LoginController.class.php 第 35 行.
NOTIC: [8] Undefined index: id C:\wamp64\www\RMS3\Application\Home\Controller\LoginController.class.php 第 43 行.

[ 2019-06-24T14:40:09+08:00 ] 127.0.0.1 /RMS3/index.php/Home/login/check.html
INFO: [ app_init ] --START--
INFO: Run Behavior\BuildLiteBehavior [ RunTime:0.000054s ]
INFO: [ app_init ] --END-- [ RunTime:0.000445s ]
INFO: [ app_begin ] --START--
INFO: Run Behavior\ReadHtmlCacheBehavior [ RunTime:0.000673s ]
INFO: [ app_begin ] --END-- [ RunTime:0.000807s ]
SQL: SHOW COLUMNS FROM `rms_user` [ RunTime:0.0009s ]
SQL: SELECT `id`,`user_password`,`user_name`,`type` FROM `rms_user` WHERE `id` = 55 AND `user_password` = '555555' LIMIT 1   [ RunTime:0.0004s ]
NOTIC: [8] session_start(): A session had already been started - ignoring C:\wamp64\www\RMS3\Application\Home\Controller\LoginController.class.php 第 35 行.
NOTIC: [8] Undefined index: id C:\wamp64\www\RMS3\Application\Home\Controller\LoginController.class.php 第 43 行.

[ 2019-06-24T14:42:29+08:00 ] 127.0.0.1 /RMS3/index.php/Home/login/check.html
INFO: [ app_init ] --START--
INFO: Run Behavior\BuildLiteBehavior [ RunTime:0.000030s ]
INFO: [ app_init ] --END-- [ RunTime:0.000462s ]
INFO: [ app_begin ] --START--
INFO: Run Behavior\ReadHtmlCacheBehavior [ RunTime:0.000497s ]
INFO: [ app_begin ] --END-- [ RunTime:0.000594s ]
SQL: SHOW COLUMNS FROM `rms_user` [ RunTime:0.0010s ]
SQL: SELECT `id`,`user_password`,`user_name`,`type` FROM `rms_user` WHERE `id` = 55 AND `user_password` = '555555' LIMIT 1   [ RunTime:0.0004s ]
NOTIC: [8] session_start(): A session had already been started - ignoring C:\wamp64\www\RMS3\Application\Home\Controller\LoginController.class.php 第 35 行.
ERR: Call to undefined function Home\Controller\sessionsavepath()

[ 2019-06-24T14:50:58+08:00 ] 127.0.0.1 /RMS3/index.php/Home/login/check.html
INFO: [ app_init ] --START--
INFO: Run Behavior\BuildLiteBehavior [ RunTime:0.000031s ]
INFO: [ app_init ] --END-- [ RunTime:0.000465s ]
INFO: [ app_begin ] --START--
INFO: Run Behavior\ReadHtmlCacheBehavior [ RunTime:0.000795s ]
INFO: [ app_begin ] --END-- [ RunTime:0.000920s ]
SQL: SHOW COLUMNS FROM `rms_user` [ RunTime:0.0012s ]
SQL: SELECT `id`,`user_password`,`user_name`,`type` FROM `rms_user` WHERE `id` = 55 AND `user_password` = '555555' LIMIT 1   [ RunTime:0.0005s ]
NOTIC: [8] session_start(): A session had already been started - ignoring C:\wamp64\www\RMS3\Application\Home\Controller\LoginController.class.php 第 35 行.
NOTIC: [8] Undefined index: name C:\wamp64\www\RMS3\Application\Home\Controller\LoginController.class.php 第 41 行.
NOTIC: [8] Undefined index: value C:\wamp64\www\RMS3\Application\Home\Controller\LoginController.class.php 第 41 行.
NOTIC: [8] Undefined index: id C:\wamp64\www\RMS3\Application\Home\Controller\LoginController.class.php 第 43 行.

[ 2019-06-24T14:51:55+08:00 ] 127.0.0.1 /RMS3/index.php/Home/login/check.html
INFO: [ app_init ] --START--
INFO: Run Behavior\BuildLiteBehavior [ RunTime:0.000017s ]
INFO: [ app_init ] --END-- [ RunTime:0.000214s ]
INFO: [ app_begin ] --START--
INFO: Run Behavior\ReadHtmlCacheBehavior [ RunTime:0.000790s ]
INFO: [ app_begin ] --END-- [ RunTime:0.000894s ]
SQL: SHOW COLUMNS FROM `rms_user` [ RunTime:0.0010s ]
SQL: SELECT `id`,`user_password`,`user_name`,`type` FROM `rms_user` WHERE `id` = 55 AND `user_password` = '555555' LIMIT 1   [ RunTime:0.0005s ]
NOTIC: [8] session_start(): A session had already been started - ignoring C:\wamp64\www\RMS3\Application\Home\Controller\LoginController.class.php 第 35 行.
NOTIC: [8] Undefined index: name C:\wamp64\www\RMS3\Application\Home\Controller\LoginController.class.php 第 41 行.
NOTIC: [8] Undefined index: value C:\wamp64\www\RMS3\Application\Home\Controller\LoginController.class.php 第 41 行.
NOTIC: [8] Undefined index: id C:\wamp64\www\RMS3\Application\Home\Controller\LoginController.class.php 第 43 行.

[ 2019-06-24T15:18:42+08:00 ] 127.0.0.1 /RMS3/index.php/Home/client/getClient
INFO: [ app_init ] --START--
INFO: Run Behavior\BuildLiteBehavior [ RunTime:0.000026s ]
INFO: [ app_init ] --END-- [ RunTime:0.000585s ]
INFO: [ app_begin ] --START--
INFO: Run Behavior\ReadHtmlCacheBehavior [ RunTime:0.001244s ]
INFO: [ app_begin ] --END-- [ RunTime:0.001459s ]

[ 2019-06-24T15:20:05+08:00 ] 127.0.0.1 /RMS3/index.php/Home/login/check.html
INFO: [ app_init ] --START--
INFO: Run Behavior\BuildLiteBehavior [ RunTime:0.000038s ]
INFO: [ app_init ] --END-- [ RunTime:0.000413s ]
INFO: [ app_begin ] --START--
INFO: Run Behavior\ReadHtmlCacheBehavior [ RunTime:0.000573s ]
INFO: [ app_begin ] --END-- [ RunTime:0.000709s ]
SQL: SHOW COLUMNS FROM `rms_user` [ RunTime:0.0013s ]
SQL: SELECT `id`,`user_password`,`user_name`,`type` FROM `rms_user` WHERE `id` = 55 AND `user_password` = '555555' LIMIT 1   [ RunTime:0.0006s ]
NOTIC: [8] session_start(): A session had already been started - ignoring C:\wamp64\www\RMS3\Application\Home\Controller\LoginController.class.php 第 35 行.
NOTIC: [8] Undefined index: name C:\wamp64\www\RMS3\Application\Home\Controller\LoginController.class.php 第 41 行.
NOTIC: [8] Undefined index: value C:\wamp64\www\RMS3\Application\Home\Controller\LoginController.class.php 第 41 行.
NOTIC: [8] Undefined index: id C:\wamp64\www\RMS3\Application\Home\Controller\LoginController.class.php 第 43 行.

[ 2019-06-24T15:22:37+08:00 ] 127.0.0.1 /RMS3/index.php/Home/login/check.html
INFO: [ app_init ] --START--
INFO: Run Behavior\BuildLiteBehavior [ RunTime:0.000044s ]
INFO: [ app_init ] --END-- [ RunTime:0.000556s ]
INFO: [ app_begin ] --START--
INFO: Run Behavior\ReadHtmlCacheBehavior [ RunTime:0.000902s ]
INFO: [ app_begin ] --END-- [ RunTime:0.001027s ]
ERR: syntax error, unexpected 'class' (T_CLASS), expecting ',' or ';'

[ 2019-06-24T15:22:59+08:00 ] 127.0.0.1 /RMS3/index.php/Home/login/check.html
INFO: [ app_init ] --START--
INFO: Run Behavior\BuildLiteBehavior [ RunTime:0.000026s ]
INFO: [ app_init ] --END-- [ RunTime:0.000330s ]
INFO: [ app_begin ] --START--
INFO: Run Behavior\ReadHtmlCacheBehavior [ RunTime:0.000623s ]
INFO: [ app_begin ] --END-- [ RunTime:0.000721s ]
SQL: SHOW COLUMNS FROM `rms_user` [ RunTime:0.0013s ]
SQL: SELECT `id`,`user_password`,`user_name`,`type` FROM `rms_user` WHERE `id` = 55 AND `user_password` = '555555' LIMIT 1   [ RunTime:0.0005s ]
NOTIC: [8] session_start(): A session had already been started - ignoring C:\wamp64\www\RMS3\Application\Home\Controller\LoginController.class.php 第 35 行.
NOTIC: [8] Undefined index: id C:\wamp64\www\RMS3\Application\Home\Controller\LoginController.class.php 第 43 行.

[ 2019-06-24T15:26:58+08:00 ] 127.0.0.1 /RMS3/index.php/Home/client/getClient.html
INFO: [ app_init ] --START--
INFO: Run Behavior\BuildLiteBehavior [ RunTime:0.000030s ]
INFO: [ app_init ] --END-- [ RunTime:0.000416s ]
INFO: [ app_begin ] --START--
INFO: Run Behavior\ReadHtmlCacheBehavior [ RunTime:0.000740s ]
INFO: [ app_begin ] --END-- [ RunTime:0.000867s ]

[ 2019-06-24T15:27:33+08:00 ] 127.0.0.1 /RMS3/index.php/Home/client/getClient.html
INFO: [ app_init ] --START--
INFO: Run Behavior\BuildLiteBehavior [ RunTime:0.000018s ]
INFO: [ app_init ] --END-- [ RunTime:0.000211s ]
INFO: [ app_begin ] --START--
INFO: Run Behavior\ReadHtmlCacheBehavior [ RunTime:0.000419s ]
INFO: [ app_begin ] --END-- [ RunTime:0.000487s ]

[ 2019-06-24T15:29:09+08:00 ] 127.0.0.1 /RMS3/index.php/Home/client/getClient.html
INFO: [ app_init ] --START--
INFO: Run Behavior\BuildLiteBehavior [ RunTime:0.000027s ]
INFO: [ app_init ] --END-- [ RunTime:0.000368s ]
INFO: [ app_begin ] --START--
INFO: Run Behavior\ReadHtmlCacheBehavior [ RunTime:0.000695s ]
INFO: [ app_begin ] --END-- [ RunTime:0.000862s ]

[ 2019-06-24T15:30:07+08:00 ] 127.0.0.1 /RMS3/index.php/Home/client/getClient.html
INFO: [ app_init ] --START--
INFO: Run Behavior\BuildLiteBehavior [ RunTime:0.000028s ]
INFO: [ app_init ] --END-- [ RunTime:0.000386s ]
INFO: [ app_begin ] --START--
INFO: Run Behavior\ReadHtmlCacheBehavior [ RunTime:0.000629s ]
INFO: [ app_begin ] --END-- [ RunTime:0.000770s ]

[ 2019-06-24T15:32:54+08:00 ] 127.0.0.1 /RMS3/index.php/Home/login/check.html
INFO: [ app_init ] --START--
INFO: Run Behavior\BuildLiteBehavior [ RunTime:0.000030s ]
INFO: [ app_init ] --END-- [ RunTime:0.000399s ]
INFO: [ app_begin ] --START--
INFO: Run Behavior\ReadHtmlCacheBehavior [ RunTime:0.001068s ]
INFO: [ app_begin ] --END-- [ RunTime:0.001217s ]
SQL: SHOW COLUMNS FROM `rms_user` [ RunTime:0.0011s ]
SQL: SELECT `id`,`user_password`,`user_name`,`type` FROM `rms_user` WHERE `id` = 55 AND `user_password` = '555555' LIMIT 1   [ RunTime:0.0004s ]
NOTIC: [8] session_start(): A session had already been started - ignoring C:\wamp64\www\RMS3\Application\Home\Controller\LoginController.class.php 第 35 行.
NOTIC: [8] Undefined index: id C:\wamp64\www\RMS3\Application\Home\Controller\LoginController.class.php 第 43 行.

[ 2019-06-24T15:37:46+08:00 ] 127.0.0.1 /RMS3/index.php/Home/login/index.html
INFO: [ app_init ] --START--
INFO: Run Behavior\BuildLiteBehavior [ RunTime:0.000045s ]
INFO: [ app_init ] --END-- [ RunTime:0.000464s ]
INFO: [ app_begin ] --START--
INFO: Run Behavior\ReadHtmlCacheBehavior [ RunTime:0.000662s ]
INFO: [ app_begin ] --END-- [ RunTime:0.000787s ]
ERR: 模板不存在:./Application/Home/View/Login/index.html

[ 2019-06-24T15:38:13+08:00 ] 127.0.0.1 /RMS3/index.php/
INFO: [ app_init ] --START--
INFO: Run Behavior\BuildLiteBehavior [ RunTime:0.000027s ]
INFO: [ app_init ] --END-- [ RunTime:0.000326s ]
INFO: [ app_begin ] --START--
INFO: Run Behavior\ReadHtmlCacheBehavior [ RunTime:0.000633s ]
INFO: [ app_begin ] --END-- [ RunTime:0.000856s ]
INFO: [ view_parse ] --START--
INFO: [ template_filter ] --START--
INFO: Run Behavior\ContentReplaceBehavior [ RunTime:0.000055s ]
INFO: [ template_filter ] --END-- [ RunTime:0.000153s ]
INFO: Run Behavior\ParseTemplateBehavior [ RunTime:0.006734s ]
INFO: [ view_parse ] --END-- [ RunTime:0.006908s ]
INFO: [ view_filter ] --START--
INFO: Run Behavior\WriteHtmlCacheBehavior [ RunTime:0.000748s ]
INFO: [ view_filter ] --END-- [ RunTime:0.000875s ]
INFO: [ app_end ] --START--
INFO: Run Behavior\ShowPageTraceBehavior [ RunTime:0.000691s ]
INFO: [ app_end ] --END-- [ RunTime:0.000835s ]

[ 2019-06-24T15:38:20+08:00 ] 127.0.0.1 /RMS3/index.php/Home/login/index.html
INFO: [ app_init ] --START--
INFO: Run Behavior\BuildLiteBehavior [ RunTime:0.000027s ]
INFO: [ app_init ] --END-- [ RunTime:0.000407s ]
INFO: [ app_begin ] --START--
INFO: Run Behavior\ReadHtmlCacheBehavior [ RunTime:0.000649s ]
INFO: [ app_begin ] --END-- [ RunTime:0.000743s ]
ERR: 模板不存在:./Application/Home/View/Login/index.html

[ 2019-06-24T15:40:13+08:00 ] 127.0.0.1 /RMS3/index.php/Home/login/check.html
INFO: [ app_init ] --START--
INFO: Run Behavior\BuildLiteBehavior [ RunTime:0.000035s ]
INFO: [ app_init ] --END-- [ RunTime:0.000390s ]
INFO: [ app_begin ] --START--
INFO: Run Behavior\ReadHtmlCacheBehavior [ RunTime:0.000710s ]
INFO: [ app_begin ] --END-- [ RunTime:0.000819s ]
SQL: SHOW COLUMNS FROM `rms_user` [ RunTime:0.0013s ]
SQL: SELECT `id`,`user_password`,`user_name`,`type` FROM `rms_user` WHERE `id` = 0 AND `user_password` = '' LIMIT 1   [ RunTime:0.0009s ]
NOTIC: [2] Use of undefined constant err_msg - assumed 'err_msg' (this will throw an Error in a future version of PHP) C:\wamp64\www\RMS3\Application\Home\Controller\LoginController.class.php 第 52 行.
INFO: [ app_end ] --START--
INFO: Run Behavior\ShowPageTraceBehavior [ RunTime:0.000766s ]
INFO: [ app_end ] --END-- [ RunTime:0.000863s ]

[ 2019-06-24T15:40:22+08:00 ] 127.0.0.1 /RMS3/index.php/Home/login/check.html
INFO: [ app_init ] --START--
INFO: Run Behavior\BuildLiteBehavior [ RunTime:0.000029s ]
INFO: [ app_init ] --END-- [ RunTime:0.000358s ]
INFO: [ app_begin ] --START--
INFO: Run Behavior\ReadHtmlCacheBehavior [ RunTime:0.000618s ]
INFO: [ app_begin ] --END-- [ RunTime:0.000749s ]
SQL: SHOW COLUMNS FROM `rms_user` [ RunTime:0.0011s ]
SQL: SELECT `id`,`user_password`,`user_name`,`type` FROM `rms_user` WHERE `id` = 55 AND `user_password` = '555555' LIMIT 1   [ RunTime:0.0006s ]
NOTIC: [8] session_start(): A session had already been started - ignoring C:\wamp64\www\RMS3\Application\Home\Controller\LoginController.class.php 第 35 行.
NOTIC: [8] Undefined index: id C:\wamp64\www\RMS3\Application\Home\Controller\LoginController.class.php 第 43 行.

[ 2019-06-24T15:41:13+08:00 ] 127.0.0.1 /RMS3/index.php/
INFO: [ app_init ] --START--
INFO: Run Behavior\BuildLiteBehavior [ RunTime:0.000038s ]
INFO: [ app_init ] --END-- [ RunTime:0.000701s ]
INFO: [ app_begin ] --START--
INFO: Run Behavior\ReadHtmlCacheBehavior [ RunTime:0.000794s ]
INFO: [ app_begin ] --END-- [ RunTime:0.001001s ]
INFO: [ view_parse ] --START--
INFO: [ template_filter ] --START--
INFO: Run Behavior\ContentReplaceBehavior [ RunTime:0.000108s ]
INFO: [ template_filter ] --END-- [ RunTime:0.000313s ]
INFO: Run Behavior\ParseTemplateBehavior [ RunTime:0.008080s ]
INFO: [ view_parse ] --END-- [ RunTime:0.008294s ]
INFO: [ view_filter ] --START--
INFO: Run Behavior\WriteHtmlCacheBehavior [ RunTime:0.001176s ]
INFO: [ view_filter ] --END-- [ RunTime:0.001291s ]
INFO: [ app_end ] --START--
INFO: Run Behavior\ShowPageTraceBehavior [ RunTime:0.000834s ]
INFO: [ app_end ] --END-- [ RunTime:0.000943s ]

[ 2019-06-24T15:41:18+08:00 ] 127.0.0.1 /RMS3/index.php/Home/login/check.html
INFO: [ app_init ] --START--
INFO: Run Behavior\BuildLiteBehavior [ RunTime:0.000027s ]
INFO: [ app_init ] --END-- [ RunTime:0.000326s ]
INFO: [ app_begin ] --START--
INFO: Run Behavior\ReadHtmlCacheBehavior [ RunTime:0.000654s ]
INFO: [ app_begin ] --END-- [ RunTime:0.000807s ]
SQL: SHOW COLUMNS FROM `rms_user` [ RunTime:0.0012s ]
SQL: SELECT `id`,`user_password`,`user_name`,`type` FROM `rms_user` WHERE `id` = 55 AND `user_password` = '555555' LIMIT 1   [ RunTime:0.0007s ]
NOTIC: [8] session_start(): A session had already been started - ignoring C:\wamp64\www\RMS3\Application\Home\Controller\LoginController.class.php 第 35 行.
NOTIC: [8] Undefined index: id C:\wamp64\www\RMS3\Application\Home\Controller\LoginController.class.php 第 43 行.

[ 2019-06-24T15:42:26+08:00 ] 127.0.0.1 /RMS3/index.php/
INFO: [ app_init ] --START--
INFO: Run Behavior\BuildLiteBehavior [ RunTime:0.000025s ]
INFO: [ app_init ] --END-- [ RunTime:0.000327s ]
INFO: [ app_begin ] --START--
INFO: Run Behavior\ReadHtmlCacheBehavior [ RunTime:0.000730s ]
INFO: [ app_begin ] --END-- [ RunTime:0.000866s ]
INFO: [ view_parse ] --START--
INFO: [ template_filter ] --START--
INFO: Run Behavior\ContentReplaceBehavior [ RunTime:0.000080s ]
INFO: [ template_filter ] --END-- [ RunTime:0.000256s ]
INFO: Run Behavior\ParseTemplateBehavior [ RunTime:0.006440s ]
INFO: [ view_parse ] --END-- [ RunTime:0.006593s ]
INFO: [ view_filter ] --START--
INFO: Run Behavior\WriteHtmlCacheBehavior [ RunTime:0.000821s ]
INFO: [ view_filter ] --END-- [ RunTime:0.000993s ]
INFO: [ app_end ] --START--
INFO: Run Behavior\ShowPageTraceBehavior [ RunTime:0.000843s ]
INFO: [ app_end ] --END-- [ RunTime:0.000983s ]

[ 2019-06-24T15:42:59+08:00 ] 127.0.0.1 /RMS3/index.php/
INFO: [ app_init ] --START--
INFO: Run Behavior\BuildLiteBehavior [ RunTime:0.000030s ]
INFO: [ app_init ] --END-- [ RunTime:0.000434s ]
INFO: [ app_begin ] --START--
INFO: Run Behavior\ReadHtmlCacheBehavior [ RunTime:0.000692s ]
INFO: [ app_begin ] --END-- [ RunTime:0.000807s ]
INFO: [ view_parse ] --START--
INFO: [ template_filter ] --START--
INFO: Run Behavior\ContentReplaceBehavior [ RunTime:0.000084s ]
INFO: [ template_filter ] --END-- [ RunTime:0.000250s ]
INFO: Run Behavior\ParseTemplateBehavior [ RunTime:0.006163s ]
INFO: [ view_parse ] --END-- [ RunTime:0.006320s ]
INFO: [ view_filter ] --START--
INFO: Run Behavior\WriteHtmlCacheBehavior [ RunTime:0.000817s ]
INFO: [ view_filter ] --END-- [ RunTime:0.000961s ]
INFO: [ app_end ] --START--
INFO: Run Behavior\ShowPageTraceBehavior [ RunTime:0.000697s ]
INFO: [ app_end ] --END-- [ RunTime:0.000820s ]

[ 2019-06-24T15:43:08+08:00 ] 127.0.0.1 /RMS3/index.php/Home/login/check.html
INFO: [ app_init ] --START--
INFO: Run Behavior\BuildLiteBehavior [ RunTime:0.000018s ]
INFO: [ app_init ] --END-- [ RunTime:0.000264s ]
INFO: [ app_begin ] --START--
INFO: Run Behavior\ReadHtmlCacheBehavior [ RunTime:0.000723s ]
INFO: [ app_begin ] --END-- [ RunTime:0.000847s ]
SQL: SHOW COLUMNS FROM `rms_user` [ RunTime:0.0010s ]
SQL: SELECT `id`,`user_password`,`user_name`,`type` FROM `rms_user` WHERE `id` = 0 AND `user_password` = '' LIMIT 1   [ RunTime:0.0005s ]
NOTIC: [2] Use of undefined constant err_msg - assumed 'err_msg' (this will throw an Error in a future version of PHP) C:\wamp64\www\RMS3\Application\Home\Controller\LoginController.class.php 第 52 行.
INFO: [ app_end ] --START--
INFO: Run Behavior\ShowPageTraceBehavior [ RunTime:0.000722s ]
INFO: [ app_end ] --END-- [ RunTime:0.000808s ]

[ 2019-06-24T15:43:29+08:00 ] 127.0.0.1 /RMS3/index.php/
INFO: [ app_init ] --START--
INFO: Run Behavior\BuildLiteBehavior [ RunTime:0.000017s ]
INFO: [ app_init ] --END-- [ RunTime:0.000219s ]
INFO: [ app_begin ] --START--
INFO: Run Behavior\ReadHtmlCacheBehavior [ RunTime:0.000463s ]
INFO: [ app_begin ] --END-- [ RunTime:0.000550s ]
INFO: [ view_parse ] --START--
INFO: [ template_filter ] --START--
INFO: Run Behavior\ContentReplaceBehavior [ RunTime:0.000071s ]
INFO: [ template_filter ] --END-- [ RunTime:0.000191s ]
INFO: Run Behavior\ParseTemplateBehavior [ RunTime:0.007332s ]
INFO: [ view_parse ] --END-- [ RunTime:0.007576s ]
INFO: [ view_filter ] --START--
INFO: Run Behavior\WriteHtmlCacheBehavior [ RunTime:0.001021s ]
INFO: [ view_filter ] --END-- [ RunTime:0.001099s ]
INFO: [ app_end ] --START--
INFO: Run Behavior\ShowPageTraceBehavior [ RunTime:0.000401s ]
INFO: [ app_end ] --END-- [ RunTime:0.000458s ]

[ 2019-06-24T15:43:38+08:00 ] 127.0.0.1 /RMS3/index.php/Home/login/check.html
INFO: [ app_init ] --START--
INFO: Run Behavior\BuildLiteBehavior [ RunTime:0.000038s ]
INFO: [ app_init ] --END-- [ RunTime:0.000437s ]
INFO: [ app_begin ] --START--
INFO: Run Behavior\ReadHtmlCacheBehavior [ RunTime:0.000553s ]
INFO: [ app_begin ] --END-- [ RunTime:0.000650s ]
SQL: SHOW COLUMNS FROM `rms_user` [ RunTime:0.0010s ]
SQL: SELECT `id`,`user_password`,`user_name`,`type` FROM `rms_user` WHERE `id` = 0 AND `user_password` = '' LIMIT 1   [ RunTime:0.0005s ]
NOTIC: [2] Use of undefined constant err_msg - assumed 'err_msg' (this will throw an Error in a future version of PHP) C:\wamp64\www\RMS3\Application\Home\Controller\LoginController.class.php 第 52 行.
INFO: [ app_end ] --START--
INFO: Run Behavior\ShowPageTraceBehavior [ RunTime:0.000929s ]
INFO: [ app_end ] --END-- [ RunTime:0.001043s ]

[ 2019-06-24T15:45:00+08:00 ] 127.0.0.1 /RMS3/index.php/Home/login/check.html
INFO: [ app_init ] --START--
INFO: Run Behavior\BuildLiteBehavior [ RunTime:0.000030s ]
INFO: [ app_init ] --END-- [ RunTime:0.000352s ]
INFO: [ app_begin ] --START--
INFO: Run Behavior\ReadHtmlCacheBehavior [ RunTime:0.000642s ]
INFO: [ app_begin ] --END-- [ RunTime:0.000770s ]
SQL: SHOW COLUMNS FROM `rms_user` [ RunTime:0.0010s ]
SQL: SELECT `id`,`user_password`,`user_name`,`type` FROM `rms_user` WHERE `id` = 0 AND `user_password` = '' LIMIT 1   [ RunTime:0.0005s ]
NOTIC: [2] Use of undefined constant err_msg - assumed 'err_msg' (this will throw an Error in a future version of PHP) C:\wamp64\www\RMS3\Application\Home\Controller\LoginController.class.php 第 52 行.
INFO: [ app_end ] --START--
INFO: Run Behavior\ShowPageTraceBehavior [ RunTime:0.000771s ]
INFO: [ app_end ] --END-- [ RunTime:0.000880s ]

[ 2019-06-24T15:45:04+08:00 ] 127.0.0.1 /RMS3/index.php/Home/login/check.html
INFO: [ app_init ] --START--
INFO: Run Behavior\BuildLiteBehavior [ RunTime:0.000020s ]
INFO: [ app_init ] --END-- [ RunTime:0.000244s ]
INFO: [ app_begin ] --START--
INFO: Run Behavior\ReadHtmlCacheBehavior [ RunTime:0.000423s ]
INFO: [ app_begin ] --END-- [ RunTime:0.000498s ]
SQL: SHOW COLUMNS FROM `rms_user` [ RunTime:0.0012s ]
SQL: SELECT `id`,`user_password`,`user_name`,`type` FROM `rms_user` WHERE `id` = 55 AND `user_password` = '555555' LIMIT 1   [ RunTime:0.0007s ]
NOTIC: [8] session_start(): A session had already been started - ignoring C:\wamp64\www\RMS3\Application\Home\Controller\LoginController.class.php 第 35 行.
NOTIC: [8] Undefined index: id C:\wamp64\www\RMS3\Application\Home\Controller\LoginController.class.php 第 43 行.

[ 2019-06-24T15:45:08+08:00 ] 127.0.0.1 /RMS3/index.php/Home/client/getClient.html
INFO: [ app_init ] --START--
INFO: Run Behavior\BuildLiteBehavior [ RunTime:0.000045s ]
INFO: [ app_init ] --END-- [ RunTime:0.000423s ]
INFO: [ app_begin ] --START--
INFO: Run Behavior\ReadHtmlCacheBehavior [ RunTime:0.000599s ]
INFO: [ app_begin ] --END-- [ RunTime:0.000801s ]

[ 2019-06-24T15:51:13+08:00 ] 127.0.0.1 /RMS3/index.php/Home/login/check.html
INFO: [ app_init ] --START--
INFO: Run Behavior\BuildLiteBehavior [ RunTime:0.000031s ]
INFO: [ app_init ] --END-- [ RunTime:0.000601s ]
INFO: [ app_begin ] --START--
INFO: Run Behavior\ReadHtmlCacheBehavior [ RunTime:0.001280s ]
INFO: [ app_begin ] --END-- [ RunTime:0.001440s ]
SQL: SHOW COLUMNS FROM `rms_user` [ RunTime:0.0017s ]
SQL: SELECT `id`,`user_password`,`user_name`,`type` FROM `rms_user` WHERE `id` = 55 AND `user_password` = '555555' LIMIT 1   [ RunTime:0.0012s ]
NOTIC: [8] session_start(): A session had already been started - ignoring C:\wamp64\www\RMS3\Application\Home\Controller\LoginController.class.php 第 35 行.
NOTIC: [8] Undefined index: id C:\wamp64\www\RMS3\Application\Home\Controller\LoginController.class.php 第 43 行.

[ 2019-06-24T15:51:33+08:00 ] 127.0.0.1 /RMS3/index.php/Home/login/check.html
INFO: [ app_init ] --START--
INFO: Run Behavior\BuildLiteBehavior [ RunTime:0.000022s ]
INFO: [ app_init ] --END-- [ RunTime:0.000276s ]
INFO: [ app_begin ] --START--
INFO: Run Behavior\ReadHtmlCacheBehavior [ RunTime:0.000513s ]
INFO: [ app_begin ] --END-- [ RunTime:0.000616s ]
SQL: SHOW COLUMNS FROM `rms_user` [ RunTime:0.0011s ]
SQL: SELECT `id`,`user_password`,`user_name`,`type` FROM `rms_user` WHERE `id` = 55 AND `user_password` = '555555' LIMIT 1   [ RunTime:0.0006s ]
NOTIC: [8] session_start(): A session had already been started - ignoring C:\wamp64\www\RMS3\Application\Home\Controller\LoginController.class.php 第 35 行.
NOTIC: [8] Undefined index: id C:\wamp64\www\RMS3\Application\Home\Controller\LoginController.class.php 第 43 行.

[ 2019-06-24T15:51:36+08:00 ] 127.0.0.1 /RMS3/index.php/Home/client/getClient.html
INFO: [ app_init ] --START--
INFO: Run Behavior\BuildLiteBehavior [ RunTime:0.000019s ]
INFO: [ app_init ] --END-- [ RunTime:0.000284s ]
INFO: [ app_begin ] --START--
INFO: Run Behavior\ReadHtmlCacheBehavior [ RunTime:0.000834s ]
INFO: [ app_begin ] --END-- [ RunTime:0.000963s ]

[ 2019-06-24T15:53:25+08:00 ] 127.0.0.1 /RMS3/index.php/
INFO: [ app_init ] --START--
INFO: Run Behavior\BuildLiteBehavior [ RunTime:0.000040s ]
INFO: [ app_init ] --END-- [ RunTime:0.000434s ]
INFO: [ app_begin ] --START--
INFO: Run Behavior\ReadHtmlCacheBehavior [ RunTime:0.000703s ]
INFO: [ app_begin ] --END-- [ RunTime:0.000814s ]
INFO: [ view_parse ] --START--
INFO: [ template_filter ] --START--
INFO: Run Behavior\ContentReplaceBehavior [ RunTime:0.000087s ]
INFO: [ template_filter ] --END-- [ RunTime:0.000220s ]
INFO: Run Behavior\ParseTemplateBehavior [ RunTime:0.008498s ]
INFO: [ view_parse ] --END-- [ RunTime:0.008652s ]
INFO: [ view_filter ] --START--
INFO: Run Behavior\WriteHtmlCacheBehavior [ RunTime:0.000996s ]
INFO: [ view_filter ] --END-- [ RunTime:0.001125s ]
INFO: [ app_end ] --START--
INFO: Run Behavior\ShowPageTraceBehavior [ RunTime:0.000710s ]
INFO: [ app_end ] --END-- [ RunTime:0.000802s ]

[ 2019-06-24T15:53:29+08:00 ] 127.0.0.1 /RMS3/index.php/Home/login/check.html
INFO: [ app_init ] --START--
INFO: Run Behavior\BuildLiteBehavior [ RunTime:0.000026s ]
INFO: [ app_init ] --END-- [ RunTime:0.000359s ]
INFO: [ app_begin ] --START--
INFO: Run Behavior\ReadHtmlCacheBehavior [ RunTime:0.000496s ]
INFO: [ app_begin ] --END-- [ RunTime:0.000592s ]
SQL: SHOW COLUMNS FROM `rms_user` [ RunTime:0.0011s ]
SQL: SELECT `id`,`user_password`,`user_name`,`type` FROM `rms_user` WHERE `id` = 55 AND `user_password` = '555555' LIMIT 1   [ RunTime:0.0006s ]
NOTIC: [8] session_start(): A session had already been started - ignoring C:\wamp64\www\RMS3\Application\Home\Controller\LoginController.class.php 第 35 行.
NOTIC: [8] Undefined index: id C:\wamp64\www\RMS3\Application\Home\Controller\LoginController.class.php 第 43 行.

[ 2019-06-24T15:53:32+08:00 ] 127.0.0.1 /RMS3/index.php/Home/client/getClient.html
INFO: [ app_init ] --START--
INFO: Run Behavior\BuildLiteBehavior [ RunTime:0.000027s ]
INFO: [ app_init ] --END-- [ RunTime:0.000341s ]
INFO: [ app_begin ] --START--
INFO: Run Behavior\ReadHtmlCacheBehavior [ RunTime:0.000595s ]
INFO: [ app_begin ] --END-- [ RunTime:0.000690s ]
SQL: SHOW COLUMNS FROM `rms_client` [ RunTime:0.0091s ]
SQL: SHOW COLUMNS FROM `rms_repair_record` [ RunTime:0.0019s ]
ERR: Too few arguments to function Think\Model::where(), 0 passed in C:\wamp64\www\RMS3\Application\Home\Controller\ClientController.class.php on line 46 and at least 1 expected

[ 2019-06-24T15:57:46+08:00 ] 127.0.0.1 /RMS3/index.php/
INFO: [ app_init ] --START--
INFO: Run Behavior\BuildLiteBehavior [ RunTime:0.000034s ]
INFO: [ app_init ] --END-- [ RunTime:0.000396s ]
INFO: [ app_begin ] --START--
INFO: Run Behavior\ReadHtmlCacheBehavior [ RunTime:0.000701s ]
INFO: [ app_begin ] --END-- [ RunTime:0.000794s ]
INFO: [ view_parse ] --START--
INFO: [ template_filter ] --START--
INFO: Run Behavior\ContentReplaceBehavior [ RunTime:0.000087s ]
INFO: [ template_filter ] --END-- [ RunTime:0.000234s ]
INFO: Run Behavior\ParseTemplateBehavior [ RunTime:0.007136s ]
INFO: [ view_parse ] --END-- [ RunTime:0.007344s ]
INFO: [ view_filter ] --START--
INFO: Run Behavior\WriteHtmlCacheBehavior [ RunTime:0.000856s ]
INFO: [ view_filter ] --END-- [ RunTime:0.000986s ]
INFO: [ app_end ] --START--
INFO: Run Behavior\ShowPageTraceBehavior [ RunTime:0.000767s ]
INFO: [ app_end ] --END-- [ RunTime:0.000872s ]

[ 2019-06-24T15:57:52+08:00 ] 127.0.0.1 /RMS3/index.php/Home/login/check.html
INFO: [ app_init ] --START--
INFO: Run Behavior\BuildLiteBehavior [ RunTime:0.000019s ]
INFO: [ app_init ] --END-- [ RunTime:0.000302s ]
INFO: [ app_begin ] --START--
INFO: Run Behavior\ReadHtmlCacheBehavior [ RunTime:0.000555s ]
INFO: [ app_begin ] --END-- [ RunTime:0.000632s ]
SQL: SHOW COLUMNS FROM `rms_user` [ RunTime:0.0014s ]
SQL: SELECT `id`,`user_password`,`user_name`,`type` FROM `rms_user` WHERE `id` = 0 AND `user_password` = '' LIMIT 1   [ RunTime:0.0006s ]
NOTIC: [2] Use of undefined constant err_msg - assumed 'err_msg' (this will throw an Error in a future version of PHP) C:\wamp64\www\RMS3\Application\Home\Controller\LoginController.class.php 第 52 行.
INFO: [ app_end ] --START--
INFO: Run Behavior\ShowPageTraceBehavior [ RunTime:0.000738s ]
INFO: [ app_end ] --END-- [ RunTime:0.000826s ]

[ 2019-06-24T15:58:00+08:00 ] 127.0.0.1 /RMS3/index.php/Home/login/check.html
INFO: [ app_init ] --START--
INFO: Run Behavior\BuildLiteBehavior [ RunTime:0.000026s ]
INFO: [ app_init ] --END-- [ RunTime:0.000329s ]
INFO: [ app_begin ] --START--
INFO: Run Behavior\ReadHtmlCacheBehavior [ RunTime:0.000547s ]
INFO: [ app_begin ] --END-- [ RunTime:0.000650s ]
SQL: SHOW COLUMNS FROM `rms_user` [ RunTime:0.0009s ]
SQL: SELECT `id`,`user_password`,`user_name`,`type` FROM `rms_user` WHERE `id` = 55 AND `user_password` = '555555' LIMIT 1   [ RunTime:0.0005s ]
NOTIC: [8] session_start(): A session had already been started - ignoring C:\wamp64\www\RMS3\Application\Home\Controller\LoginController.class.php 第 35 行.
NOTIC: [8] Undefined index: id C:\wamp64\www\RMS3\Application\Home\Controller\LoginController.class.php 第 43 行.

[ 2019-06-24T15:58:03+08:00 ] 127.0.0.1 /RMS3/index.php/Home/client/getClient.html
INFO: [ app_init ] --START--
INFO: Run Behavior\BuildLiteBehavior [ RunTime:0.000019s ]
INFO: [ app_init ] --END-- [ RunTime:0.000238s ]
INFO: [ app_begin ] --START--
INFO: Run Behavior\ReadHtmlCacheBehavior [ RunTime:0.000881s ]
INFO: [ app_begin ] --END-- [ RunTime:0.001057s ]
SQL: SHOW COLUMNS FROM `rms_client` [ RunTime:0.0023s ]
SQL: SHOW COLUMNS FROM `rms_repair_record` [ RunTime:0.0095s ]
ERR: Too few arguments to function Think\Model::where(), 0 passed in C:\wamp64\www\RMS3\Application\Home\Controller\ClientController.class.php on line 46 and at least 1 expected

[ 2019-06-24T15:58:21+08:00 ] 127.0.0.1 /RMS3/index.php/
INFO: [ app_init ] --START--
INFO: Run Behavior\BuildLiteBehavior [ RunTime:0.000022s ]
INFO: [ app_init ] --END-- [ RunTime:0.000291s ]
INFO: [ app_begin ] --START--
INFO: Run Behavior\ReadHtmlCacheBehavior [ RunTime:0.000481s ]
INFO: [ app_begin ] --END-- [ RunTime:0.000581s ]
INFO: [ view_parse ] --START--
INFO: [ template_filter ] --START--
INFO: Run Behavior\ContentReplaceBehavior [ RunTime:0.000052s ]
INFO: [ template_filter ] --END-- [ RunTime:0.000145s ]
INFO: Run Behavior\ParseTemplateBehavior [ RunTime:0.004994s ]
INFO: [ view_parse ] --END-- [ RunTime:0.005084s ]
INFO: [ view_filter ] --START--
INFO: Run Behavior\WriteHtmlCacheBehavior [ RunTime:0.000649s ]
INFO: [ view_filter ] --END-- [ RunTime:0.000730s ]
INFO: [ app_end ] --START--
INFO: Run Behavior\ShowPageTraceBehavior [ RunTime:0.000598s ]
INFO: [ app_end ] --END-- [ RunTime:0.000692s ]

[ 2019-06-24T15:58:22+08:00 ] 127.0.0.1 /RMS3/index.php/Home/login/check.html
INFO: [ app_init ] --START--
INFO: Run Behavior\BuildLiteBehavior [ RunTime:0.000017s ]
INFO: [ app_init ] --END-- [ RunTime:0.000164s ]
INFO: [ app_begin ] --START--
INFO: Run Behavior\ReadHtmlCacheBehavior [ RunTime:0.000440s ]
INFO: [ app_begin ] --END-- [ RunTime:0.000517s ]
SQL: SHOW COLUMNS FROM `rms_user` [ RunTime:0.0012s ]
SQL: SELECT `id`,`user_password`,`user_name`,`type` FROM `rms_user` WHERE `id` = 0 AND `user_password` = '' LIMIT 1   [ RunTime:0.0007s ]
NOTIC: [2] Use of undefined constant err_msg - assumed 'err_msg' (this will throw an Error in a future version of PHP) C:\wamp64\www\RMS3\Application\Home\Controller\LoginController.class.php 第 52 行.
INFO: [ app_end ] --START--
INFO: Run Behavior\ShowPageTraceBehavior [ RunTime:0.000502s ]
INFO: [ app_end ] --END-- [ RunTime:0.000597s ]

[ 2019-06-24T15:58:25+08:00 ] 127.0.0.1 /RMS3/index.php/Home/client/getClient.html
INFO: [ app_init ] --START--
INFO: Run Behavior\BuildLiteBehavior [ RunTime:0.000023s ]
INFO: [ app_init ] --END-- [ RunTime:0.000297s ]
INFO: [ app_begin ] --START--
INFO: Run Behavior\ReadHtmlCacheBehavior [ RunTime:0.000490s ]
INFO: [ app_begin ] --END-- [ RunTime:0.000578s ]
SQL: SHOW COLUMNS FROM `rms_client` [ RunTime:0.0024s ]
SQL: SHOW COLUMNS FROM `rms_repair_record` [ RunTime:0.0039s ]
ERR: Too few arguments to function Think\Model::where(), 0 passed in C:\wamp64\www\RMS3\Application\Home\Controller\ClientController.class.php on line 46 and at least 1 expected

[ 2019-06-24T16:02:16+08:00 ] 127.0.0.1 /RMS3/index.php/
INFO: [ app_init ] --START--
INFO: Run Behavior\BuildLiteBehavior [ RunTime:0.000023s ]
INFO: [ app_init ] --END-- [ RunTime:0.000397s ]
INFO: [ app_begin ] --START--
INFO: Run Behavior\ReadHtmlCacheBehavior [ RunTime:0.000743s ]
INFO: [ app_begin ] --END-- [ RunTime:0.000853s ]
INFO: [ view_parse ] --START--
INFO: [ template_filter ] --START--
INFO: Run Behavior\ContentReplaceBehavior [ RunTime:0.000048s ]
INFO: [ template_filter ] --END-- [ RunTime:0.000125s ]
INFO: Run Behavior\ParseTemplateBehavior [ RunTime:0.006835s ]
INFO: [ view_parse ] --END-- [ RunTime:0.006974s ]
INFO: [ view_filter ] --START--
INFO: Run Behavior\WriteHtmlCacheBehavior [ RunTime:0.000893s ]
INFO: [ view_filter ] --END-- [ RunTime:0.000983s ]
INFO: [ app_end ] --START--
INFO: Run Behavior\ShowPageTraceBehavior [ RunTime:0.000717s ]
INFO: [ app_end ] --END-- [ RunTime:0.000793s ]

[ 2019-06-24T16:02:19+08:00 ] 127.0.0.1 /RMS3/index.php/Home/login/check.html
INFO: [ app_init ] --START--
INFO: Run Behavior\BuildLiteBehavior [ RunTime:0.000023s ]
INFO: [ app_init ] --END-- [ RunTime:0.000270s ]
INFO: [ app_begin ] --START--
INFO: Run Behavior\ReadHtmlCacheBehavior [ RunTime:0.000546s ]
INFO: [ app_begin ] --END-- [ RunTime:0.000652s ]
SQL: SHOW COLUMNS FROM `rms_user` [ RunTime:0.0010s ]
SQL: SELECT `id`,`user_password`,`user_name`,`type` FROM `rms_user` WHERE `id` = 0 AND `user_password` = '' LIMIT 1   [ RunTime:0.0005s ]
NOTIC: [2] Use of undefined constant err_msg - assumed 'err_msg' (this will throw an Error in a future version of PHP) C:\wamp64\www\RMS3\Application\Home\Controller\LoginController.class.php 第 52 行.
INFO: [ app_end ] --START--
INFO: Run Behavior\ShowPageTraceBehavior [ RunTime:0.000598s ]
INFO: [ app_end ] --END-- [ RunTime:0.000684s ]

[ 2019-06-24T16:02:24+08:00 ] 127.0.0.1 /RMS3/index.php/Home/login/check.html
INFO: [ app_init ] --START--
INFO: Run Behavior\BuildLiteBehavior [ RunTime:0.000034s ]
INFO: [ app_init ] --END-- [ RunTime:0.000393s ]
INFO: [ app_begin ] --START--
INFO: Run Behavior\ReadHtmlCacheBehavior [ RunTime:0.000706s ]
INFO: [ app_begin ] --END-- [ RunTime:0.000826s ]
SQL: SHOW COLUMNS FROM `rms_user` [ RunTime:0.0007s ]
SQL: SELECT `id`,`user_password`,`user_name`,`type` FROM `rms_user` WHERE `id` = 55 AND `user_password` = '555555' LIMIT 1   [ RunTime:0.0004s ]
NOTIC: [8] session_start(): A session had already been started - ignoring C:\wamp64\www\RMS3\Application\Home\Controller\LoginController.class.php 第 35 行.
NOTIC: [8] Undefined index: id C:\wamp64\www\RMS3\Application\Home\Controller\LoginController.class.php 第 43 行.

[ 2019-06-24T16:02:28+08:00 ] 127.0.0.1 /RMS3/index.php/Home/client/getClient.html
INFO: [ app_init ] --START--
INFO: Run Behavior\BuildLiteBehavior [ RunTime:0.000056s ]
INFO: [ app_init ] --END-- [ RunTime:0.000382s ]
INFO: [ app_begin ] --START--
INFO: Run Behavior\ReadHtmlCacheBehavior [ RunTime:0.000568s ]
INFO: [ app_begin ] --END-- [ RunTime:0.000668s ]
SQL: SHOW COLUMNS FROM `rms_client` [ RunTime:0.0011s ]
SQL: SHOW COLUMNS FROM `rms_repair_record` [ RunTime:0.0013s ]
ERR: Too few arguments to function Think\Model::where(), 0 passed in C:\wamp64\www\RMS3\Application\Home\Controller\ClientController.class.php on line 46 and at least 1 expected

[ 2019-06-24T16:02:34+08:00 ] 127.0.0.1 /RMS3/index.php/Home/client/getClient.html
INFO: [ app_init ] --START--
INFO: Run Behavior\BuildLiteBehavior [ RunTime:0.000047s ]
INFO: [ app_init ] --END-- [ RunTime:0.000417s ]
INFO: [ app_begin ] --START--
INFO: Run Behavior\ReadHtmlCacheBehavior [ RunTime:0.000532s ]
INFO: [ app_begin ] --END-- [ RunTime:0.000621s ]
SQL: SHOW COLUMNS FROM `rms_client` [ RunTime:0.0038s ]
SQL: SHOW COLUMNS FROM `rms_repair_record` [ RunTime:0.0024s ]
ERR: Too few arguments to function Think\Model::where(), 0 passed in C:\wamp64\www\RMS3\Application\Home\Controller\ClientController.class.php on line 46 and at least 1 expected

[ 2019-06-24T16:02:55+08:00 ] 127.0.0.1 /RMS3/index.php/
INFO: [ app_init ] --START--
INFO: Run Behavior\BuildLiteBehavior [ RunTime:0.000042s ]
INFO: [ app_init ] --END-- [ RunTime:0.000468s ]
INFO: [ app_begin ] --START--
INFO: Run Behavior\ReadHtmlCacheBehavior [ RunTime:0.000620s ]
INFO: [ app_begin ] --END-- [ RunTime:0.000751s ]
INFO: [ view_parse ] --START--
INFO: [ template_filter ] --START--
INFO: Run Behavior\ContentReplaceBehavior [ RunTime:0.000082s ]
INFO: [ template_filter ] --END-- [ RunTime:0.000180s ]
INFO: Run Behavior\ParseTemplateBehavior [ RunTime:0.005726s ]
INFO: [ view_parse ] --END-- [ RunTime:0.005861s ]
INFO: [ view_filter ] --START--
INFO: Run Behavior\WriteHtmlCacheBehavior [ RunTime:0.000600s ]
INFO: [ view_filter ] --END-- [ RunTime:0.000699s ]
INFO: [ app_end ] --START--
INFO: Run Behavior\ShowPageTraceBehavior [ RunTime:0.000993s ]
INFO: [ app_end ] --END-- [ RunTime:0.001109s ]

[ 2019-06-24T16:08:49+08:00 ] 127.0.0.1 /RMS3/index.php/Home/client/getClient.html
INFO: [ app_init ] --START--
INFO: Run Behavior\BuildLiteBehavior [ RunTime:0.000050s ]
INFO: [ app_init ] --END-- [ RunTime:0.000538s ]
INFO: [ app_begin ] --START--
INFO: Run Behavior\ReadHtmlCacheBehavior [ RunTime:0.000714s ]
INFO: [ app_begin ] --END-- [ RunTime:0.000817s ]
SQL: SHOW COLUMNS FROM `rms_client` [ RunTime:0.0014s ]
SQL: SHOW COLUMNS FROM `rms_repair_record` [ RunTime:0.0012s ]
ERR: Too few arguments to function Think\Model::where(), 0 passed in C:\wamp64\www\RMS3\Application\Home\Controller\ClientController.class.php on line 46 and at least 1 expected

[ 2019-06-24T16:08:50+08:00 ] 127.0.0.1 /RMS3/index.php/Home/client/getClient.html
INFO: [ app_init ] --START--
INFO: Run Behavior\BuildLiteBehavior [ RunTime:0.000053s ]
INFO: [ app_init ] --END-- [ RunTime:0.000205s ]
INFO: [ app_begin ] --START--
INFO: Run Behavior\ReadHtmlCacheBehavior [ RunTime:0.000322s ]
INFO: [ app_begin ] --END-- [ RunTime:0.000396s ]
SQL: SHOW COLUMNS FROM `rms_client` [ RunTime:0.0051s ]
SQL: SHOW COLUMNS FROM `rms_repair_record` [ RunTime:0.0021s ]
ERR: Too few arguments to function Think\Model::where(), 0 passed in C:\wamp64\www\RMS3\Application\Home\Controller\ClientController.class.php on line 46 and at least 1 expected

[ 2019-06-24T16:08:54+08:00 ] 127.0.0.1 /RMS3/index.php/
INFO: [ app_init ] --START--
INFO: Run Behavior\BuildLiteBehavior [ RunTime:0.000046s ]
INFO: [ app_init ] --END-- [ RunTime:0.000435s ]
INFO: [ app_begin ] --START--
INFO: Run Behavior\ReadHtmlCacheBehavior [ RunTime:0.000589s ]
INFO: [ app_begin ] --END-- [ RunTime:0.000709s ]
INFO: [ view_parse ] --START--
INFO: [ template_filter ] --START--
INFO: Run Behavior\ContentReplaceBehavior [ RunTime:0.000048s ]
INFO: [ template_filter ] --END-- [ RunTime:0.000117s ]
INFO: Run Behavior\ParseTemplateBehavior [ RunTime:0.007261s ]
INFO: [ view_parse ] --END-- [ RunTime:0.007401s ]
INFO: [ view_filter ] --START--
INFO: Run Behavior\WriteHtmlCacheBehavior [ RunTime:0.000854s ]
INFO: [ view_filter ] --END-- [ RunTime:0.000953s ]
INFO: [ app_end ] --START--
INFO: Run Behavior\ShowPageTraceBehavior [ RunTime:0.000573s ]
INFO: [ app_end ] --END-- [ RunTime:0.000662s ]

[ 2019-06-24T16:09:18+08:00 ] 127.0.0.1 /RMS3/index.php/
INFO: [ app_init ] --START--
INFO: Run Behavior\BuildLiteBehavior [ RunTime:0.000023s ]
INFO: [ app_init ] --END-- [ RunTime:0.000289s ]
INFO: [ app_begin ] --START--
INFO: Run Behavior\ReadHtmlCacheBehavior [ RunTime:0.000515s ]
INFO: [ app_begin ] --END-- [ RunTime:0.000624s ]
INFO: [ view_parse ] --START--
INFO: [ template_filter ] --START--
INFO: Run Behavior\ContentReplaceBehavior [ RunTime:0.000058s ]
INFO: [ template_filter ] --END-- [ RunTime:0.000169s ]
INFO: Run Behavior\ParseTemplateBehavior [ RunTime:0.004982s ]
INFO: [ view_parse ] --END-- [ RunTime:0.005083s ]
INFO: [ view_filter ] --START--
INFO: Run Behavior\WriteHtmlCacheBehavior [ RunTime:0.000553s ]
INFO: [ view_filter ] --END-- [ RunTime:0.000642s ]
INFO: [ app_end ] --START--
INFO: Run Behavior\ShowPageTraceBehavior [ RunTime:0.000508s ]
INFO: [ app_end ] --END-- [ RunTime:0.000592s ]

[ 2019-06-24T16:09:19+08:00 ] 127.0.0.1 /RMS3/index.php/Home/logout/logout.html
INFO: [ app_init ] --START--
INFO: Run Behavior\BuildLiteBehavior [ RunTime:0.000035s ]
INFO: [ app_init ] --END-- [ RunTime:0.000183s ]
INFO: [ app_begin ] --START--
INFO: Run Behavior\ReadHtmlCacheBehavior [ RunTime:0.000518s ]
INFO: [ app_begin ] --END-- [ RunTime:0.000638s ]

[ 2019-06-24T16:10:38+08:00 ] 127.0.0.1 /RMS3/index.php/
INFO: [ app_init ] --START--
INFO: Run Behavior\BuildLiteBehavior [ RunTime:0.000026s ]
INFO: [ app_init ] --END-- [ RunTime:0.000396s ]
INFO: [ app_begin ] --START--
INFO: Run Behavior\ReadHtmlCacheBehavior [ RunTime:0.000526s ]
INFO: [ app_begin ] --END-- [ RunTime:0.000620s ]
INFO: [ view_parse ] --START--
INFO: [ template_filter ] --START--
INFO: Run Behavior\ContentReplaceBehavior [ RunTime:0.000143s ]
INFO: [ template_filter ] --END-- [ RunTime:0.000391s ]
INFO: Run Behavior\ParseTemplateBehavior [ RunTime:0.007359s ]
INFO: [ view_parse ] --END-- [ RunTime:0.007468s ]
INFO: [ view_filter ] --START--
INFO: Run Behavior\WriteHtmlCacheBehavior [ RunTime:0.001214s ]
INFO: [ view_filter ] --END-- [ RunTime:0.001382s ]
INFO: [ app_end ] --START--
INFO: Run Behavior\ShowPageTraceBehavior [ RunTime:0.000765s ]
INFO: [ app_end ] --END-- [ RunTime:0.001011s ]

[ 2019-06-24T16:10:40+08:00 ] 127.0.0.1 /RMS3/index.php/Home/logout/logout.html
INFO: [ app_init ] --START--
INFO: Run Behavior\BuildLiteBehavior [ RunTime:0.000024s ]
INFO: [ app_init ] --END-- [ RunTime:0.000154s ]
INFO: [ app_begin ] --START--
INFO: Run Behavior\ReadHtmlCacheBehavior [ RunTime:0.000538s ]
INFO: [ app_begin ] --END-- [ RunTime:0.000737s ]
ERR: 无法加载控制器:Logout

[ 2019-06-24T16:11:27+08:00 ] 127.0.0.1 /RMS3/index.php/
INFO: [ app_init ] --START--
INFO: Run Behavior\BuildLiteBehavior [ RunTime:0.000025s ]
INFO: [ app_init ] --END-- [ RunTime:0.000352s ]
INFO: [ app_begin ] --START--
INFO: Run Behavior\ReadHtmlCacheBehavior [ RunTime:0.000622s ]
INFO: [ app_begin ] --END-- [ RunTime:0.000721s ]
INFO: [ view_parse ] --START--
INFO: [ template_filter ] --START--
INFO: Run Behavior\ContentReplaceBehavior [ RunTime:0.000100s ]
INFO: [ template_filter ] --END-- [ RunTime:0.000302s ]
INFO: Run Behavior\ParseTemplateBehavior [ RunTime:0.008202s ]
INFO: [ view_parse ] --END-- [ RunTime:0.008303s ]
INFO: [ view_filter ] --START--
INFO: Run Behavior\WriteHtmlCacheBehavior [ RunTime:0.000733s ]
INFO: [ view_filter ] --END-- [ RunTime:0.000819s ]
INFO: [ app_end ] --START--
INFO: Run Behavior\ShowPageTraceBehavior [ RunTime:0.000726s ]
INFO: [ app_end ] --END-- [ RunTime:0.000823s ]

[ 2019-06-24T16:11:29+08:00 ] 127.0.0.1 /RMS3/index.php/Home/logout/checkout.html
INFO: [ app_init ] --START--
INFO: Run Behavior\BuildLiteBehavior [ RunTime:0.000023s ]
INFO: [ app_init ] --END-- [ RunTime:0.000140s ]
INFO: [ app_begin ] --START--
INFO: Run Behavior\ReadHtmlCacheBehavior [ RunTime:0.000375s ]
INFO: [ app_begin ] --END-- [ RunTime:0.000469s ]
ERR: 无法加载控制器:Logout

[ 2019-06-24T16:12:01+08:00 ] 127.0.0.1 /RMS3/index.php/
INFO: [ app_init ] --START--
INFO: Run Behavior\BuildLiteBehavior [ RunTime:0.000025s ]
INFO: [ app_init ] --END-- [ RunTime:0.000384s ]
INFO: [ app_begin ] --START--
INFO: Run Behavior\ReadHtmlCacheBehavior [ RunTime:0.000784s ]
INFO: [ app_begin ] --END-- [ RunTime:0.000915s ]
INFO: [ view_parse ] --START--
INFO: [ template_filter ] --START--
INFO: Run Behavior\ContentReplaceBehavior [ RunTime:0.000057s ]
INFO: [ template_filter ] --END-- [ RunTime:0.000176s ]
INFO: Run Behavior\ParseTemplateBehavior [ RunTime:0.006502s ]
INFO: [ view_parse ] --END-- [ RunTime:0.006668s ]
INFO: [ view_filter ] --START--
INFO: Run Behavior\WriteHtmlCacheBehavior [ RunTime:0.000852s ]
INFO: [ view_filter ] --END-- [ RunTime:0.000974s ]
INFO: [ app_end ] --START--
INFO: Run Behavior\ShowPageTraceBehavior [ RunTime:0.000789s ]
INFO: [ app_end ] --END-- [ RunTime:0.000946s ]

[ 2019-06-24T16:12:04+08:00 ] 127.0.0.1 /RMS3/index.php/Home/logout/checkout.html
INFO: [ app_init ] --START--
INFO: Run Behavior\BuildLiteBehavior [ RunTime:0.000027s ]
INFO: [ app_init ] --END-- [ RunTime:0.000358s ]
INFO: [ app_begin ] --START--
INFO: Run Behavior\ReadHtmlCacheBehavior [ RunTime:0.000552s ]
INFO: [ app_begin ] --END-- [ RunTime:0.000666s ]
ERR: 无法加载控制器:Logout

[ 2019-06-24T16:12:25+08:00 ] 127.0.0.1 /RMS3/index.php/Home/login/check.html
INFO: [ app_init ] --START--
INFO: Run Behavior\BuildLiteBehavior [ RunTime:0.000044s ]
INFO: [ app_init ] --END-- [ RunTime:0.000520s ]
INFO: [ app_begin ] --START--
INFO: Run Behavior\ReadHtmlCacheBehavior [ RunTime:0.000675s ]
INFO: [ app_begin ] --END-- [ RunTime:0.000808s ]
SQL: SHOW COLUMNS FROM `rms_user` [ RunTime:0.0023s ]
SQL: SELECT `id`,`user_password`,`user_name`,`type` FROM `rms_user` WHERE `id` = 0 AND `user_password` = '' LIMIT 1   [ RunTime:0.0009s ]
NOTIC: [2] Use of undefined constant err_msg - assumed 'err_msg' (this will throw an Error in a future version of PHP) C:\wamp64\www\RMS3\Application\Home\Controller\LoginController.class.php 第 52 行.
INFO: [ app_end ] --START--
INFO: Run Behavior\ShowPageTraceBehavior [ RunTime:0.000813s ]
INFO: [ app_end ] --END-- [ RunTime:0.000876s ]

[ 2019-06-24T16:12:35+08:00 ] 127.0.0.1 /RMS3/index.php/Home/login/check.html
INFO: [ app_init ] --START--
INFO: Run Behavior\BuildLiteBehavior [ RunTime:0.000023s ]
INFO: [ app_init ] --END-- [ RunTime:0.000298s ]
INFO: [ app_begin ] --START--
INFO: Run Behavior\ReadHtmlCacheBehavior [ RunTime:0.000507s ]
INFO: [ app_begin ] --END-- [ RunTime:0.000599s ]
SQL: SHOW COLUMNS FROM `rms_user` [ RunTime:0.0007s ]
SQL: SELECT `id`,`user_password`,`user_name`,`type` FROM `rms_user` WHERE `id` = 55 AND `user_password` = '555555' LIMIT 1   [ RunTime:0.0004s ]
NOTIC: [8] session_start(): A session had already been started - ignoring C:\wamp64\www\RMS3\Application\Home\Controller\LoginController.class.php 第 35 行.
NOTIC: [8] Undefined index: id C:\wamp64\www\RMS3\Application\Home\Controller\LoginController.class.php 第 43 行.

[ 2019-06-24T16:12:37+08:00 ] 127.0.0.1 /RMS3/index.php/Home/logout/checkout.html
INFO: [ app_init ] --START--
INFO: Run Behavior\BuildLiteBehavior [ RunTime:0.000032s ]
INFO: [ app_init ] --END-- [ RunTime:0.000192s ]
INFO: [ app_begin ] --START--
INFO: Run Behavior\ReadHtmlCacheBehavior [ RunTime:0.000691s ]
INFO: [ app_begin ] --END-- [ RunTime:0.000883s ]
ERR: 无法加载控制器:Logout

[ 2019-06-24T16:13:35+08:00 ] 127.0.0.1 /RMS3/index.php/
INFO: [ app_init ] --START--
INFO: Run Behavior\BuildLiteBehavior [ RunTime:0.000020s ]
INFO: [ app_init ] --END-- [ RunTime:0.000251s ]
INFO: [ app_begin ] --START--
INFO: Run Behavior\ReadHtmlCacheBehavior [ RunTime:0.000437s ]
INFO: [ app_begin ] --END-- [ RunTime:0.000509s ]
INFO: [ view_parse ] --START--
INFO: [ template_filter ] --START--
INFO: Run Behavior\ContentReplaceBehavior [ RunTime:0.000054s ]
INFO: [ template_filter ] --END-- [ RunTime:0.000139s ]
INFO: Run Behavior\ParseTemplateBehavior [ RunTime:0.004973s ]
INFO: [ view_parse ] --END-- [ RunTime:0.005076s ]
INFO: [ view_filter ] --START--
INFO: Run Behavior\WriteHtmlCacheBehavior [ RunTime:0.000633s ]
INFO: [ view_filter ] --END-- [ RunTime:0.000708s ]
INFO: [ app_end ] --START--
INFO: Run Behavior\ShowPageTraceBehavior [ RunTime:0.000459s ]
INFO: [ app_end ] --END-- [ RunTime:0.000532s ]

[ 2019-06-24T16:13:36+08:00 ] 127.0.0.1 /RMS3/index.php/Home/logout/checkout.html
INFO: [ app_init ] --START--
INFO: Run Behavior\BuildLiteBehavior [ RunTime:0.000025s ]
INFO: [ app_init ] --END-- [ RunTime:0.000161s ]
INFO: [ app_begin ] --START--
INFO: Run Behavior\ReadHtmlCacheBehavior [ RunTime:0.000434s ]
INFO: [ app_begin ] --END-- [ RunTime:0.000551s ]

[ 2019-06-24T16:13:36+08:00 ] 127.0.0.1 /RMS3/index.php/
INFO: [ app_init ] --START--
INFO: Run Behavior\BuildLiteBehavior [ RunTime:0.000028s ]
INFO: [ app_init ] --END-- [ RunTime:0.000173s ]
INFO: [ app_begin ] --START--
INFO: Run Behavior\ReadHtmlCacheBehavior [ RunTime:0.000487s ]
INFO: [ app_begin ] --END-- [ RunTime:0.000609s ]
INFO: [ view_parse ] --START--
INFO: [ template_filter ] --START--
INFO: Run Behavior\ContentReplaceBehavior [ RunTime:0.000093s ]
INFO: [ template_filter ] --END-- [ RunTime:0.000251s ]
INFO: Run Behavior\ParseTemplateBehavior [ RunTime:0.006414s ]
INFO: [ view_parse ] --END-- [ RunTime:0.006540s ]
INFO: [ view_filter ] --START--
INFO: Run Behavior\WriteHtmlCacheBehavior [ RunTime:0.000587s ]
INFO: [ view_filter ] --END-- [ RunTime:0.000692s ]
INFO: [ app_end ] --START--
INFO: Run Behavior\ShowPageTraceBehavior [ RunTime:0.000746s ]
INFO: [ app_end ] --END-- [ RunTime:0.000950s ]

[ 2019-06-24T16:13:45+08:00 ] 127.0.0.1 /RMS3/index.php/Home/login/check.html
INFO: [ app_init ] --START--
INFO: Run Behavior\BuildLiteBehavior [ RunTime:0.000021s ]
INFO: [ app_init ] --END-- [ RunTime:0.000306s ]
INFO: [ app_begin ] --START--
INFO: Run Behavior\ReadHtmlCacheBehavior [ RunTime:0.000647s ]
INFO: [ app_begin ] --END-- [ RunTime:0.000738s ]
SQL: SHOW COLUMNS FROM `rms_user` [ RunTime:0.0010s ]
SQL: SELECT `id`,`user_password`,`user_name`,`type` FROM `rms_user` WHERE `id` = 55 AND `user_password` = '555555' LIMIT 1   [ RunTime:0.0005s ]
NOTIC: [8] session_start(): A session had already been started - ignoring C:\wamp64\www\RMS3\Application\Home\Controller\LoginController.class.php 第 35 行.
NOTIC: [8] Undefined index: id C:\wamp64\www\RMS3\Application\Home\Controller\LoginController.class.php 第 43 行.

[ 2019-06-24T16:13:49+08:00 ] 127.0.0.1 /RMS3/index.php/Home/logout/checkout.html
INFO: [ app_init ] --START--
INFO: Run Behavior\BuildLiteBehavior [ RunTime:0.000037s ]
INFO: [ app_init ] --END-- [ RunTime:0.000382s ]
INFO: [ app_begin ] --START--
INFO: Run Behavior\ReadHtmlCacheBehavior [ RunTime:0.000606s ]
INFO: [ app_begin ] --END-- [ RunTime:0.000732s ]

[ 2019-06-24T16:13:49+08:00 ] 127.0.0.1 /RMS3/index.php/
INFO: [ app_init ] --START--
INFO: Run Behavior\BuildLiteBehavior [ RunTime:0.000017s ]
INFO: [ app_init ] --END-- [ RunTime:0.000096s ]
INFO: [ app_begin ] --START--
INFO: Run Behavior\ReadHtmlCacheBehavior [ RunTime:0.000494s ]
INFO: [ app_begin ] --END-- [ RunTime:0.000669s ]
INFO: [ view_parse ] --START--
INFO: [ template_filter ] --START--
INFO: Run Behavior\ContentReplaceBehavior [ RunTime:0.000073s ]
INFO: [ template_filter ] --END-- [ RunTime:0.000200s ]
INFO: Run Behavior\ParseTemplateBehavior [ RunTime:0.006884s ]
INFO: [ view_parse ] --END-- [ RunTime:0.007073s ]
INFO: [ view_filter ] --START--
INFO: Run Behavior\WriteHtmlCacheBehavior [ RunTime:0.001605s ]
INFO: [ view_filter ] --END-- [ RunTime:0.001791s ]
INFO: [ app_end ] --START--
INFO: Run Behavior\ShowPageTraceBehavior [ RunTime:0.000903s ]
INFO: [ app_end ] --END-- [ RunTime:0.000989s ]

[ 2019-06-24T16:14:00+08:00 ] 127.0.0.1 /RMS3/index.php/Home/client/getClient.html
INFO: [ app_init ] --START--
INFO: Run Behavior\BuildLiteBehavior [ RunTime:0.000030s ]
INFO: [ app_init ] --END-- [ RunTime:0.000401s ]
INFO: [ app_begin ] --START--
INFO: Run Behavior\ReadHtmlCacheBehavior [ RunTime:0.000674s ]
INFO: [ app_begin ] --END-- [ RunTime:0.000828s ]
NOTIC: [8] Undefined index: admin C:\wamp64\www\RMS3\Application\Home\Controller\ClientController.class.php 第 19 行.

[ 2019-06-24T16:14:04+08:00 ] 127.0.0.1 /RMS3/index.php/Home/login/check.html
INFO: [ app_init ] --START--
INFO: Run Behavior\BuildLiteBehavior [ RunTime:0.000034s ]
INFO: [ app_init ] --END-- [ RunTime:0.000423s ]
INFO: [ app_begin ] --START--
INFO: Run Behavior\ReadHtmlCacheBehavior [ RunTime:0.000701s ]
INFO: [ app_begin ] --END-- [ RunTime:0.000813s ]
SQL: SHOW COLUMNS FROM `rms_user` [ RunTime:0.0014s ]
SQL: SELECT `id`,`user_password`,`user_name`,`type` FROM `rms_user` WHERE `id` = 55 AND `user_password` = '555555' LIMIT 1   [ RunTime:0.0006s ]
NOTIC: [8] session_start(): A session had already been started - ignoring C:\wamp64\www\RMS3\Application\Home\Controller\LoginController.class.php 第 35 行.
NOTIC: [8] Undefined index: id C:\wamp64\www\RMS3\Application\Home\Controller\LoginController.class.php 第 43 行.

[ 2019-06-24T16:14:05+08:00 ] 127.0.0.1 /RMS3/index.php/Home/client/getClient.html
INFO: [ app_init ] --START--
INFO: Run Behavior\BuildLiteBehavior [ RunTime:0.000021s ]
INFO: [ app_init ] --END-- [ RunTime:0.000124s ]
INFO: [ app_begin ] --START--
INFO: Run Behavior\ReadHtmlCacheBehavior [ RunTime:0.000407s ]
INFO: [ app_begin ] --END-- [ RunTime:0.000494s ]
SQL: SHOW COLUMNS FROM `rms_client` [ RunTime:0.0010s ]
SQL: SHOW COLUMNS FROM `rms_repair_record` [ RunTime:0.0011s ]
ERR: Too few arguments to function Think\Model::where(), 0 passed in C:\wamp64\www\RMS3\Application\Home\Controller\ClientController.class.php on line 46 and at least 1 expected

[ 2019-06-24T16:14:09+08:00 ] 127.0.0.1 /RMS3/index.php/Home/client/getClient.html
INFO: [ app_init ] --START--
INFO: Run Behavior\BuildLiteBehavior [ RunTime:0.000031s ]
INFO: [ app_init ] --END-- [ RunTime:0.000391s ]
INFO: [ app_begin ] --START--
INFO: Run Behavior\ReadHtmlCacheBehavior [ RunTime:0.000752s ]
INFO: [ app_begin ] --END-- [ RunTime:0.000899s ]
SQL: SHOW COLUMNS FROM `rms_client` [ RunTime:0.0015s ]
SQL: SHOW COLUMNS FROM `rms_repair_record` [ RunTime:0.0020s ]
ERR: Too few arguments to function Think\Model::where(), 0 passed in C:\wamp64\www\RMS3\Application\Home\Controller\ClientController.class.php on line 46 and at least 1 expected

[ 2019-06-24T16:14:12+08:00 ] 127.0.0.1 /RMS3/index.php/Home/logout/checkout.html
INFO: [ app_init ] --START--
INFO: Run Behavior\BuildLiteBehavior [ RunTime:0.000031s ]
INFO: [ app_init ] --END-- [ RunTime:0.000410s ]
INFO: [ app_begin ] --START--
INFO: Run Behavior\ReadHtmlCacheBehavior [ RunTime:0.000825s ]
INFO: [ app_begin ] --END-- [ RunTime:0.000954s ]

[ 2019-06-24T16:14:12+08:00 ] 127.0.0.1 /RMS3/index.php/
INFO: [ app_init ] --START--
INFO: Run Behavior\BuildLiteBehavior [ RunTime:0.000028s ]
INFO: [ app_init ] --END-- [ RunTime:0.000166s ]
INFO: [ app_begin ] --START--
INFO: Run Behavior\ReadHtmlCacheBehavior [ RunTime:0.000886s ]
INFO: [ app_begin ] --END-- [ RunTime:0.001058s ]
INFO: [ view_parse ] --START--
INFO: [ template_filter ] --START--
INFO: Run Behavior\ContentReplaceBehavior [ RunTime:0.000042s ]
INFO: [ template_filter ] --END-- [ RunTime:0.000105s ]
INFO: Run Behavior\ParseTemplateBehavior [ RunTime:0.007060s ]
INFO: [ view_parse ] --END-- [ RunTime:0.007797s ]
INFO: [ view_filter ] --START--
INFO: Run Behavior\WriteHtmlCacheBehavior [ RunTime:0.000851s ]
INFO: [ view_filter ] --END-- [ RunTime:0.000984s ]
INFO: [ app_end ] --START--
INFO: Run Behavior\ShowPageTraceBehavior [ RunTime:0.000619s ]
INFO: [ app_end ] --END-- [ RunTime:0.000786s ]

[ 2019-06-24T16:41:52+08:00 ] 127.0.0.1 /RMS3/index.php/
INFO: [ app_init ] --START--
INFO: Run Behavior\BuildLiteBehavior [ RunTime:0.000027s ]
INFO: [ app_init ] --END-- [ RunTime:0.000542s ]
INFO: [ app_begin ] --START--
INFO: Run Behavior\ReadHtmlCacheBehavior [ RunTime:0.000725s ]
INFO: [ app_begin ] --END-- [ RunTime:0.000822s ]
INFO: [ view_parse ] --START--
INFO: [ template_filter ] --START--
INFO: Run Behavior\ContentReplaceBehavior [ RunTime:0.000083s ]
INFO: [ template_filter ] --END-- [ RunTime:0.000208s ]
INFO: Run Behavior\ParseTemplateBehavior [ RunTime:0.007642s ]
INFO: [ view_parse ] --END-- [ RunTime:0.007748s ]
INFO: [ view_filter ] --START--
INFO: Run Behavior\WriteHtmlCacheBehavior [ RunTime:0.000865s ]
INFO: [ view_filter ] --END-- [ RunTime:0.000994s ]
INFO: [ app_end ] --START--
INFO: Run Behavior\ShowPageTraceBehavior [ RunTime:0.000759s ]
INFO: [ app_end ] --END-- [ RunTime:0.000842s ]

[ 2019-06-24T16:41:54+08:00 ] 127.0.0.1 /RMS3/index.php/Home/logout/checkout.html
INFO: [ app_init ] --START--
INFO: Run Behavior\BuildLiteBehavior [ RunTime:0.000016s ]
INFO: [ app_init ] --END-- [ RunTime:0.000096s ]
INFO: [ app_begin ] --START--
INFO: Run Behavior\ReadHtmlCacheBehavior [ RunTime:0.000360s ]
INFO: [ app_begin ] --END-- [ RunTime:0.000430s ]

[ 2019-06-24T16:41:54+08:00 ] 127.0.0.1 /RMS3/index.php/
INFO: [ app_init ] --START--
INFO: Run Behavior\BuildLiteBehavior [ RunTime:0.000022s ]
INFO: [ app_init ] --END-- [ RunTime:0.000133s ]
INFO: [ app_begin ] --START--
INFO: Run Behavior\ReadHtmlCacheBehavior [ RunTime:0.000410s ]
INFO: [ app_begin ] --END-- [ RunTime:0.000520s ]
INFO: [ view_parse ] --START--
INFO: [ template_filter ] --START--
INFO: Run Behavior\ContentReplaceBehavior [ RunTime:0.000041s ]
INFO: [ template_filter ] --END-- [ RunTime:0.000103s ]
INFO: Run Behavior\ParseTemplateBehavior [ RunTime:0.003748s ]
INFO: [ view_parse ] --END-- [ RunTime:0.003832s ]
INFO: [ view_filter ] --START--
INFO: Run Behavior\WriteHtmlCacheBehavior [ RunTime:0.000370s ]
INFO: [ view_filter ] --END-- [ RunTime:0.000429s ]
INFO: [ app_end ] --START--
INFO: Run Behavior\ShowPageTraceBehavior [ RunTime:0.000341s ]
INFO: [ app_end ] --END-- [ RunTime:0.000426s ]

