[ 2019-06-21T00:03:10+08:00 ] 127.0.0.1 /rms/index.php/Home/Repair/getRepairList.html?page=1
INFO: [ app_init ] --START--
INFO: Run Behavior\BuildLiteBehavior [ RunTime:0.000036s ]
INFO: [ app_init ] --END-- [ RunTime:0.000775s ]
INFO: [ app_begin ] --START--
INFO: Run Behavior\ReadHtmlCacheBehavior [ RunTime:0.000953s ]
INFO: [ app_begin ] --END-- [ RunTime:0.001123s ]

[ 2019-06-21T00:03:24+08:00 ] 127.0.0.1 /rms/index.php/Home/Repair/getRepairList.html?page=1
INFO: [ app_init ] --START--
INFO: Run Behavior\BuildLiteBehavior [ RunTime:0.000025s ]
INFO: [ app_init ] --END-- [ RunTime:0.000775s ]
INFO: [ app_begin ] --START--
INFO: Run Behavior\ReadHtmlCacheBehavior [ RunTime:0.001019s ]
INFO: [ app_begin ] --END-- [ RunTime:0.001147s ]
SQL: SHOW COLUMNS FROM `rms_repair_record` [ RunTime:0.0043s ]
NOTIC: [8] Undefined variable: client F:\wamp\www\RMS\Application\Home\Controller\RepairController.class.php 第 73 行.
SQL: SELECT * FROM `rms_repair_record` LIMIT 1,10   [ RunTime:0.0005s ]

[ 2019-06-21T00:03:51+08:00 ] 127.0.0.1 /rms/index.php/Home/Repair/getRepairList.html?page=1
INFO: [ app_init ] --START--
INFO: Run Behavior\BuildLiteBehavior [ RunTime:0.000024s ]
INFO: [ app_init ] --END-- [ RunTime:0.000706s ]
INFO: [ app_begin ] --START--
INFO: Run Behavior\ReadHtmlCacheBehavior [ RunTime:0.000882s ]
INFO: [ app_begin ] --END-- [ RunTime:0.000997s ]
SQL: SHOW COLUMNS FROM `rms_repair_record` [ RunTime:0.0010s ]
NOTIC: [8] Undefined variable: client F:\wamp\www\RMS\Application\Home\Controller\RepairController.class.php 第 73 行.
SQL: SELECT `client_id`,`order_num`,`repair_status` FROM `rms_repair_record` LIMIT 1,10   [ RunTime:0.0003s ]

[ 2019-06-21T00:05:21+08:00 ] 127.0.0.1 /rms/index.php/Home/Repair/getRepair.html?repairId=1
INFO: [ app_init ] --START--
INFO: Run Behavior\BuildLiteBehavior [ RunTime:0.000066s ]
INFO: [ app_init ] --END-- [ RunTime:0.000634s ]
INFO: [ app_begin ] --START--
INFO: Run Behavior\ReadHtmlCacheBehavior [ RunTime:0.000949s ]
INFO: [ app_begin ] --END-- [ RunTime:0.001072s ]
SQL: SHOW COLUMNS FROM `rms_repair_record` [ RunTime:0.0013s ]
NOTIC: [8] Undefined variable: client F:\wamp\www\RMS\Application\Home\Controller\RepairController.class.php 第 96 行.
SQL: SELECT * FROM `rms_repair_record` WHERE `order_num` = 1 LIMIT 1   [ RunTime:0.0003s ]

[ 2019-06-21T00:14:18+08:00 ] 127.0.0.1 /rms/index.php/Home/Maintenance/getMaintainers.html?order_num=1
INFO: [ app_init ] --START--
INFO: Run Behavior\BuildLiteBehavior [ RunTime:0.000036s ]
INFO: [ app_init ] --END-- [ RunTime:0.001380s ]
INFO: [ app_begin ] --START--
INFO: Run Behavior\ReadHtmlCacheBehavior [ RunTime:0.002614s ]
INFO: [ app_begin ] --END-- [ RunTime:0.002812s ]
SQL: SHOW COLUMNS FROM `rms_repair_record` [ RunTime:0.0009s ]
ERR: 1054:Unknown column 'maintainer' in 'field list'
 [ SQL语句 ] : SELECT `maintainer`,`maintainer`,`note` FROM `rms_repair_record` WHERE `order_num` = 1 LIMIT 1  
ERR: 1054:Unknown column 'maintainer' in 'field list'
 [ SQL语句 ] : SELECT `maintainer`,`maintainer`,`note` FROM `rms_repair_record` WHERE `order_num` = 1 LIMIT 1  

[ 2019-06-21T00:14:39+08:00 ] 127.0.0.1 /rms/index.php/Home/Maintenance/getMaintainers.html?order_num=1
INFO: [ app_init ] --START--
INFO: Run Behavior\BuildLiteBehavior [ RunTime:0.000022s ]
INFO: [ app_init ] --END-- [ RunTime:0.000746s ]
INFO: [ app_begin ] --START--
INFO: Run Behavior\ReadHtmlCacheBehavior [ RunTime:0.001734s ]
INFO: [ app_begin ] --END-- [ RunTime:0.001897s ]
SQL: SHOW COLUMNS FROM `rms_maintenance_recode` [ RunTime:0.0011s ]
SQL: SELECT `maintainer`,`maintainer`,`note` FROM `rms_maintenance_recode` WHERE `order_num` = 1 LIMIT 1   [ RunTime:0.0002s ]

[ 2019-06-21T00:14:53+08:00 ] 127.0.0.1 /rms/index.php/Home/Maintenance/getMaintainers.html?order_num=1
INFO: [ app_init ] --START--
INFO: Run Behavior\BuildLiteBehavior [ RunTime:0.000025s ]
INFO: [ app_init ] --END-- [ RunTime:0.000825s ]
INFO: [ app_begin ] --START--
INFO: Run Behavior\ReadHtmlCacheBehavior [ RunTime:0.001544s ]
INFO: [ app_begin ] --END-- [ RunTime:0.001745s ]
SQL: SHOW COLUMNS FROM `rms_maintenance_recode` [ RunTime:0.0006s ]
SQL: SELECT `client_id`,`maintainer`,`note` FROM `rms_maintenance_recode` WHERE `order_num` = 1 LIMIT 1   [ RunTime:0.0003s ]

[ 2019-06-21T00:18:54+08:00 ] 127.0.0.1 /rms/index.php/Home/Maintenance/assignMaintenance.html
INFO: [ app_init ] --START--
INFO: Run Behavior\BuildLiteBehavior [ RunTime:0.000024s ]
INFO: [ app_init ] --END-- [ RunTime:0.000719s ]
INFO: [ app_begin ] --START--
INFO: Run Behavior\ReadHtmlCacheBehavior [ RunTime:0.000991s ]
INFO: [ app_begin ] --END-- [ RunTime:0.001119s ]
SQL: SHOW COLUMNS FROM `rms_maintenance_recode` [ RunTime:0.0123s ]
ERR: 1364:Field 'client_id' doesn't have a default value
 [ SQL语句 ] : INSERT INTO `rms_maintenance_recode` (`maintainer`,`order_num`) VALUES ('1','12')
ERR: 1364:Field 'client_id' doesn't have a default value
 [ SQL语句 ] : INSERT INTO `rms_maintenance_recode` (`maintainer`,`order_num`) VALUES ('1','12')

[ 2019-06-21T00:19:23+08:00 ] 127.0.0.1 /rms/index.php/Home/Maintenance/assignMaintenance.html
INFO: [ app_init ] --START--
INFO: Run Behavior\BuildLiteBehavior [ RunTime:0.000035s ]
INFO: [ app_init ] --END-- [ RunTime:0.000797s ]
INFO: [ app_begin ] --START--
INFO: Run Behavior\ReadHtmlCacheBehavior [ RunTime:0.001211s ]
INFO: [ app_begin ] --END-- [ RunTime:0.001406s ]
SQL: SHOW COLUMNS FROM `rms_maintenance_recode` [ RunTime:0.0011s ]
SQL: INSERT INTO `rms_maintenance_recode` (`maintainer`,`order_num`,`client_id`) VALUES ('1','12','1') [ RunTime:0.0005s ]

[ 2019-06-21T00:22:10+08:00 ] 127.0.0.1 /rms/index.php/Home/Maintenance/getMaintenanceList.html
INFO: [ app_init ] --START--
INFO: Run Behavior\BuildLiteBehavior [ RunTime:0.000042s ]
INFO: [ app_init ] --END-- [ RunTime:0.000640s ]
INFO: [ app_begin ] --START--
INFO: Run Behavior\ReadHtmlCacheBehavior [ RunTime:0.001514s ]
INFO: [ app_begin ] --END-- [ RunTime:0.001719s ]
SQL: SHOW COLUMNS FROM `rms_maintenance_recode` [ RunTime:0.0006s ]
NOTIC: [8] Undefined variable: client F:\wamp\www\RMS\Application\Home\Controller\MaintenanceController.class.php 第 70 行.
SQL: SELECT `order_num`,`maintainer`,`assign_date`,`repair_status` FROM `rms_maintenance_recode` WHERE `maintainer` = 0  [ RunTime:0.0003s ]
NOTIC: [8] Undefined variable: client F:\wamp\www\RMS\Application\Home\Controller\MaintenanceController.class.php 第 82 行.
INFO: [ app_end ] --START--
INFO: Run Behavior\ShowPageTraceBehavior [ RunTime:0.000940s ]
INFO: [ app_end ] --END-- [ RunTime:0.001044s ]

[ 2019-06-21T00:23:17+08:00 ] 127.0.0.1 /rms/index.php/Home/Maintenance/getMaintenanceList.html
INFO: [ app_init ] --START--
INFO: Run Behavior\BuildLiteBehavior [ RunTime:0.000025s ]
INFO: [ app_init ] --END-- [ RunTime:0.000867s ]
INFO: [ app_begin ] --START--
INFO: Run Behavior\ReadHtmlCacheBehavior [ RunTime:0.001681s ]
INFO: [ app_begin ] --END-- [ RunTime:0.002083s ]
SQL: SHOW COLUMNS FROM `rms_maintenance_recode` [ RunTime:0.0013s ]
NOTIC: [8] Undefined variable: client F:\wamp\www\RMS\Application\Home\Controller\MaintenanceController.class.php 第 70 行.
SQL: SELECT `order_num`,`maintainer`,`assign_date`,`repair_status` FROM `rms_maintenance_recode` WHERE `maintainer` LIKE '%%'  [ RunTime:0.0005s ]

[ 2019-06-21T00:23:35+08:00 ] 127.0.0.1 /rms/index.php/Home/Maintenance/getMaintenanceList.html
INFO: [ app_init ] --START--
INFO: Run Behavior\BuildLiteBehavior [ RunTime:0.000023s ]
INFO: [ app_init ] --END-- [ RunTime:0.000674s ]
INFO: [ app_begin ] --START--
INFO: Run Behavior\ReadHtmlCacheBehavior [ RunTime:0.001136s ]
INFO: [ app_begin ] --END-- [ RunTime:0.001373s ]
SQL: SHOW COLUMNS FROM `rms_maintenance_recode` [ RunTime:0.0010s ]
NOTIC: [8] Undefined variable: client F:\wamp\www\RMS\Application\Home\Controller\MaintenanceController.class.php 第 70 行.
SQL: SELECT `order_num`,`maintainer`,`assign_date`,`repair_status` FROM `rms_maintenance_recode` WHERE `maintainer` LIKE '%%'  [ RunTime:0.0005s ]

[ 2019-06-21T00:23:47+08:00 ] 127.0.0.1 /rms/index.php/Home/Maintenance/getMaintenanceList.html
INFO: [ app_init ] --START--
INFO: Run Behavior\BuildLiteBehavior [ RunTime:0.000023s ]
INFO: [ app_init ] --END-- [ RunTime:0.000649s ]
INFO: [ app_begin ] --START--
INFO: Run Behavior\ReadHtmlCacheBehavior [ RunTime:0.000734s ]
INFO: [ app_begin ] --END-- [ RunTime:0.000848s ]
SQL: SHOW COLUMNS FROM `rms_maintenance_recode` [ RunTime:0.0007s ]
NOTIC: [8] Undefined variable: client F:\wamp\www\RMS\Application\Home\Controller\MaintenanceController.class.php 第 70 行.
SQL: SELECT `order_num`,`maintainer`,`assign_date`,`repair_status` FROM `rms_maintenance_recode` WHERE `maintainer` LIKE '%%'  [ RunTime:0.0003s ]

[ 2019-06-21T00:23:52+08:00 ] 127.0.0.1 /rms/index.php/Home/Maintenance/getMaintenanceList.html
INFO: [ app_init ] --START--
INFO: Run Behavior\BuildLiteBehavior [ RunTime:0.000024s ]
INFO: [ app_init ] --END-- [ RunTime:0.000811s ]
INFO: [ app_begin ] --START--
INFO: Run Behavior\ReadHtmlCacheBehavior [ RunTime:0.001284s ]
INFO: [ app_begin ] --END-- [ RunTime:0.001460s ]
SQL: SHOW COLUMNS FROM `rms_maintenance_recode` [ RunTime:0.0007s ]
NOTIC: [8] Undefined variable: client F:\wamp\www\RMS\Application\Home\Controller\MaintenanceController.class.php 第 70 行.
SQL: SELECT `order_num`,`maintainer`,`assign_date`,`repair_status` FROM `rms_maintenance_recode` WHERE `maintainer` LIKE '%%'  [ RunTime:0.0004s ]

[ 2019-06-21T00:27:53+08:00 ] 127.0.0.1 /rms/index.php/Home/Maintenance/getMaintenance.html?order_num=1
INFO: [ app_init ] --START--
INFO: Run Behavior\BuildLiteBehavior [ RunTime:0.000063s ]
INFO: [ app_init ] --END-- [ RunTime:0.000993s ]
INFO: [ app_begin ] --START--
INFO: Run Behavior\ReadHtmlCacheBehavior [ RunTime:0.001209s ]
INFO: [ app_begin ] --END-- [ RunTime:0.001334s ]
SQL: SHOW COLUMNS FROM `rms_maintenance_recode` [ RunTime:0.0006s ]
ERR: 1054:Unknown column 'maintain_record' in 'field list'
 [ SQL语句 ] : SELECT `client_id`,`maintainer`,`assign_date`,`detect_record`,`maintain_record`,`manual_cost`,`material_cost`,`note`,`maintain_status` FROM `rms_maintenance_recode` WHERE `order_num` = 1 LIMIT 1  
ERR: 1054:Unknown column 'maintain_record' in 'field list'
 [ SQL语句 ] : SELECT `client_id`,`maintainer`,`assign_date`,`detect_record`,`maintain_record`,`manual_cost`,`material_cost`,`note`,`maintain_status` FROM `rms_maintenance_recode` WHERE `order_num` = 1 LIMIT 1  

[ 2019-06-21T00:28:17+08:00 ] 127.0.0.1 /rms/index.php/Home/Maintenance/getMaintenance.html?order_num=1
INFO: [ app_init ] --START--
INFO: Run Behavior\BuildLiteBehavior [ RunTime:0.000024s ]
INFO: [ app_init ] --END-- [ RunTime:0.000718s ]
INFO: [ app_begin ] --START--
INFO: Run Behavior\ReadHtmlCacheBehavior [ RunTime:0.001007s ]
INFO: [ app_begin ] --END-- [ RunTime:0.001180s ]
SQL: SHOW COLUMNS FROM `rms_maintenance_recode` [ RunTime:0.0011s ]
SQL: SELECT `client_id`,`maintainer`,`assign_date`,`detect_record`,`detect_record`,`manual_cost`,`material_cost`,`note`,`maintain_status` FROM `rms_maintenance_recode` WHERE `order_num` = 1 LIMIT 1   [ RunTime:0.0005s ]

[ 2019-06-21T00:35:49+08:00 ] 127.0.0.1 /rms/index.php/Home/Maintenance/getMaintenance.html
INFO: [ app_init ] --START--
INFO: Run Behavior\BuildLiteBehavior [ RunTime:0.000067s ]
INFO: [ app_init ] --END-- [ RunTime:0.001125s ]
INFO: [ app_begin ] --START--
INFO: Run Behavior\ReadHtmlCacheBehavior [ RunTime:0.000935s ]
INFO: [ app_begin ] --END-- [ RunTime:0.001065s ]
SQL: SHOW COLUMNS FROM `rms_maintenance_recode` [ RunTime:0.0007s ]
SQL: SELECT `client_id`,`maintainer`,`assign_date`,`detect_record`,`detect_record`,`manual_cost`,`material_cost`,`note`,`maintain_status` FROM `rms_maintenance_recode` WHERE `order_num` = 0 LIMIT 1   [ RunTime:0.0006s ]
INFO: [ app_end ] --START--
INFO: Run Behavior\ShowPageTraceBehavior [ RunTime:0.001437s ]
INFO: [ app_end ] --END-- [ RunTime:0.001573s ]

[ 2019-06-21T00:36:10+08:00 ] 127.0.0.1 /rms/index.php/Home/Maintenance/updateMaintenance.html
INFO: [ app_init ] --START--
INFO: Run Behavior\BuildLiteBehavior [ RunTime:0.000025s ]
INFO: [ app_init ] --END-- [ RunTime:0.000791s ]
INFO: [ app_begin ] --START--
INFO: Run Behavior\ReadHtmlCacheBehavior [ RunTime:0.001200s ]
INFO: [ app_begin ] --END-- [ RunTime:0.001371s ]
SQL: SHOW COLUMNS FROM `rms_maintenance_recode` [ RunTime:0.0009s ]
ERR: 1064:You have an error in your SQL syntax; check the manual that corresponds to your MySQL server version for the right syntax to use near ')' at line 1
 [ SQL语句 ] : UPDATE `rms_maintenance_recode` SET `detect_record`='',`manual_cost`='0',`material_cost`='0',`note`='',`repair_status`='0',`order_num`='0' WHERE ( order_num= )
ERR: 1064:You have an error in your SQL syntax; check the manual that corresponds to your MySQL server version for the right syntax to use near ')' at line 1
 [ SQL语句 ] : UPDATE `rms_maintenance_recode` SET `detect_record`='',`manual_cost`='0',`material_cost`='0',`note`='',`repair_status`='0',`order_num`='0' WHERE ( order_num= )

[ 2019-06-21T00:36:29+08:00 ] 127.0.0.1 /rms/index.php/Home/Maintenance/updateMaintenance.html
INFO: [ app_init ] --START--
INFO: Run Behavior\BuildLiteBehavior [ RunTime:0.000025s ]
INFO: [ app_init ] --END-- [ RunTime:0.000833s ]
INFO: [ app_begin ] --START--
INFO: Run Behavior\ReadHtmlCacheBehavior [ RunTime:0.001167s ]
INFO: [ app_begin ] --END-- [ RunTime:0.001348s ]
SQL: SHOW COLUMNS FROM `rms_maintenance_recode` [ RunTime:0.0010s ]
ERR: 1064:You have an error in your SQL syntax; check the manual that corresponds to your MySQL server version for the right syntax to use near ')' at line 1
 [ SQL语句 ] : UPDATE `rms_maintenance_recode` SET `manual_cost`='0',`material_cost`='0',`note`='',`repair_status`='0',`order_num`='0' WHERE ( order_num= )
ERR: 1064:You have an error in your SQL syntax; check the manual that corresponds to your MySQL server version for the right syntax to use near ')' at line 1
 [ SQL语句 ] : UPDATE `rms_maintenance_recode` SET `manual_cost`='0',`material_cost`='0',`note`='',`repair_status`='0',`order_num`='0' WHERE ( order_num= )

[ 2019-06-21T00:37:48+08:00 ] 127.0.0.1 /rms/index.php/Home/Maintenance/updateMaintenance.html
INFO: [ app_init ] --START--
INFO: Run Behavior\BuildLiteBehavior [ RunTime:0.000060s ]
INFO: [ app_init ] --END-- [ RunTime:0.001054s ]
INFO: [ app_begin ] --START--
INFO: Run Behavior\ReadHtmlCacheBehavior [ RunTime:0.000781s ]
INFO: [ app_begin ] --END-- [ RunTime:0.000902s ]
SQL: SHOW COLUMNS FROM `rms_maintenance_recode` [ RunTime:0.0006s ]

[ 2019-06-21T00:38:10+08:00 ] 127.0.0.1 /rms/index.php/Home/Maintenance/updateMaintenance.html
INFO: [ app_init ] --START--
INFO: Run Behavior\BuildLiteBehavior [ RunTime:0.000056s ]
INFO: [ app_init ] --END-- [ RunTime:0.000958s ]
INFO: [ app_begin ] --START--
INFO: Run Behavior\ReadHtmlCacheBehavior [ RunTime:0.001374s ]
INFO: [ app_begin ] --END-- [ RunTime:0.001595s ]
SQL: SHOW COLUMNS FROM `rms_maintenance_recode` [ RunTime:0.0046s ]

[ 2019-06-21T00:38:30+08:00 ] 127.0.0.1 /rms/index.php/Home/Maintenance/updateMaintenance.html
INFO: [ app_init ] --START--
INFO: Run Behavior\BuildLiteBehavior [ RunTime:0.000086s ]
INFO: [ app_init ] --END-- [ RunTime:0.001144s ]
INFO: [ app_begin ] --START--
INFO: Run Behavior\ReadHtmlCacheBehavior [ RunTime:0.000822s ]
INFO: [ app_begin ] --END-- [ RunTime:0.000992s ]
SQL: SHOW COLUMNS FROM `rms_maintenance_recode` [ RunTime:0.0008s ]

[ 2019-06-21T00:38:54+08:00 ] 127.0.0.1 /rms/index.php/Home/Maintenance/updateMaintenance.html
INFO: [ app_init ] --START--
INFO: Run Behavior\BuildLiteBehavior [ RunTime:0.000378s ]
INFO: [ app_init ] --END-- [ RunTime:0.001265s ]
INFO: [ app_begin ] --START--
INFO: Run Behavior\ReadHtmlCacheBehavior [ RunTime:0.000779s ]
INFO: [ app_begin ] --END-- [ RunTime:0.000900s ]
SQL: SHOW COLUMNS FROM `rms_maintenance_recode` [ RunTime:0.0015s ]

[ 2019-06-21T00:39:05+08:00 ] 127.0.0.1 /rms/index.php/Home/Maintenance/updateMaintenance.html
INFO: [ app_init ] --START--
INFO: Run Behavior\BuildLiteBehavior [ RunTime:0.000024s ]
INFO: [ app_init ] --END-- [ RunTime:0.000525s ]
INFO: [ app_begin ] --START--
INFO: Run Behavior\ReadHtmlCacheBehavior [ RunTime:0.000719s ]
INFO: [ app_begin ] --END-- [ RunTime:0.000835s ]
SQL: SHOW COLUMNS FROM `rms_maintenance_recode` [ RunTime:0.0010s ]

[ 2019-06-21T00:39:41+08:00 ] 127.0.0.1 /rms/index.php/Home/Maintenance/updateMaintenance.html
INFO: [ app_init ] --START--
INFO: Run Behavior\BuildLiteBehavior [ RunTime:0.000039s ]
INFO: [ app_init ] --END-- [ RunTime:0.000840s ]
INFO: [ app_begin ] --START--
INFO: Run Behavior\ReadHtmlCacheBehavior [ RunTime:0.001068s ]
INFO: [ app_begin ] --END-- [ RunTime:0.001272s ]
SQL: SHOW COLUMNS FROM `rms_maintenance_recode` [ RunTime:0.0006s ]

[ 2019-06-21T00:40:14+08:00 ] 127.0.0.1 /rms/index.php/Home/Maintenance/updateMaintenance.html
INFO: [ app_init ] --START--
INFO: Run Behavior\BuildLiteBehavior [ RunTime:0.000024s ]
INFO: [ app_init ] --END-- [ RunTime:0.000919s ]
INFO: [ app_begin ] --START--
INFO: Run Behavior\ReadHtmlCacheBehavior [ RunTime:0.000852s ]
INFO: [ app_begin ] --END-- [ RunTime:0.000969s ]
SQL: SHOW COLUMNS FROM `rms_maintenance_recode` [ RunTime:0.0007s ]

[ 2019-06-21T00:41:45+08:00 ] 127.0.0.1 /rms/index.php/Home/Maintenance/updateMaintenance.html
INFO: [ app_init ] --START--
INFO: Run Behavior\BuildLiteBehavior [ RunTime:0.000025s ]
INFO: [ app_init ] --END-- [ RunTime:0.001000s ]
INFO: [ app_begin ] --START--
INFO: Run Behavior\ReadHtmlCacheBehavior [ RunTime:0.002114s ]
INFO: [ app_begin ] --END-- [ RunTime:0.002410s ]
SQL: SHOW COLUMNS FROM `rms_maintenance_recode` [ RunTime:0.0016s ]

[ 2019-06-21T00:41:52+08:00 ] 127.0.0.1 /rms/index.php/Home/Maintenance/updateMaintenance.html
INFO: [ app_init ] --START--
INFO: Run Behavior\BuildLiteBehavior [ RunTime:0.000042s ]
INFO: [ app_init ] --END-- [ RunTime:0.000871s ]
INFO: [ app_begin ] --START--
INFO: Run Behavior\ReadHtmlCacheBehavior [ RunTime:0.000977s ]
INFO: [ app_begin ] --END-- [ RunTime:0.001107s ]
SQL: SHOW COLUMNS FROM `rms_maintenance_recode` [ RunTime:0.0006s ]

[ 2019-06-21T00:42:04+08:00 ] 127.0.0.1 /rms/index.php/Home/Maintenance/updateMaintenance.html
INFO: [ app_init ] --START--
INFO: Run Behavior\BuildLiteBehavior [ RunTime:0.000027s ]
INFO: [ app_init ] --END-- [ RunTime:0.000823s ]
INFO: [ app_begin ] --START--
INFO: Run Behavior\ReadHtmlCacheBehavior [ RunTime:0.001202s ]
INFO: [ app_begin ] --END-- [ RunTime:0.001407s ]
SQL: SHOW COLUMNS FROM `rms_maintenance_recode` [ RunTime:0.0036s ]

[ 2019-06-21T00:42:09+08:00 ] 127.0.0.1 /rms/index.php/Home/Maintenance/updateMaintenance.html
INFO: [ app_init ] --START--
INFO: Run Behavior\BuildLiteBehavior [ RunTime:0.000063s ]
INFO: [ app_init ] --END-- [ RunTime:0.001148s ]
INFO: [ app_begin ] --START--
INFO: Run Behavior\ReadHtmlCacheBehavior [ RunTime:0.001416s ]
INFO: [ app_begin ] --END-- [ RunTime:0.001722s ]
SQL: SHOW COLUMNS FROM `rms_maintenance_recode` [ RunTime:0.0908s ]

[ 2019-06-21T00:42:25+08:00 ] 127.0.0.1 /rms/index.php/Home/Maintenance/updateMaintenance.html
INFO: [ app_init ] --START--
INFO: Run Behavior\BuildLiteBehavior [ RunTime:0.000046s ]
INFO: [ app_init ] --END-- [ RunTime:0.000670s ]
INFO: [ app_begin ] --START--
INFO: Run Behavior\ReadHtmlCacheBehavior [ RunTime:0.001353s ]
INFO: [ app_begin ] --END-- [ RunTime:0.001584s ]
SQL: SHOW COLUMNS FROM `rms_maintenance_recode` [ RunTime:0.0156s ]

[ 2019-06-21T00:42:34+08:00 ] 127.0.0.1 /rms/index.php/Home/Maintenance/updateMaintenance.html
INFO: [ app_init ] --START--
INFO: Run Behavior\BuildLiteBehavior [ RunTime:0.000035s ]
INFO: [ app_init ] --END-- [ RunTime:0.000718s ]
INFO: [ app_begin ] --START--
INFO: Run Behavior\ReadHtmlCacheBehavior [ RunTime:0.000813s ]
INFO: [ app_begin ] --END-- [ RunTime:0.000940s ]
SQL: SHOW COLUMNS FROM `rms_maintenance_recode` [ RunTime:0.0009s ]

[ 2019-06-21T00:43:00+08:00 ] 127.0.0.1 /rms/index.php/Home/Maintenance/updateMaintenance.html
INFO: [ app_init ] --START--
INFO: Run Behavior\BuildLiteBehavior [ RunTime:0.000025s ]
INFO: [ app_init ] --END-- [ RunTime:0.000744s ]
INFO: [ app_begin ] --START--
INFO: Run Behavior\ReadHtmlCacheBehavior [ RunTime:0.000926s ]
INFO: [ app_begin ] --END-- [ RunTime:0.001102s ]
SQL: SHOW COLUMNS FROM `rms_maintenance_recode` [ RunTime:0.0007s ]

[ 2019-06-21T00:43:25+08:00 ] 127.0.0.1 /rms/index.php/Home/Maintenance/updateMaintenance.html
INFO: [ app_init ] --START--
INFO: Run Behavior\BuildLiteBehavior [ RunTime:0.000023s ]
INFO: [ app_init ] --END-- [ RunTime:0.000713s ]
INFO: [ app_begin ] --START--
INFO: Run Behavior\ReadHtmlCacheBehavior [ RunTime:0.001013s ]
INFO: [ app_begin ] --END-- [ RunTime:0.001266s ]
SQL: SHOW COLUMNS FROM `rms_maintenance_recode` [ RunTime:0.0006s ]

[ 2019-06-21T00:43:46+08:00 ] 127.0.0.1 /rms/index.php/Home/Maintenance/updateMaintenance.html
INFO: [ app_init ] --START--
INFO: Run Behavior\BuildLiteBehavior [ RunTime:0.000042s ]
INFO: [ app_init ] --END-- [ RunTime:0.000913s ]
INFO: [ app_begin ] --START--
INFO: Run Behavior\ReadHtmlCacheBehavior [ RunTime:0.001037s ]
INFO: [ app_begin ] --END-- [ RunTime:0.001205s ]
SQL: SHOW COLUMNS FROM `rms_maintenance_recode` [ RunTime:0.0006s ]

[ 2019-06-21T00:43:51+08:00 ] 127.0.0.1 /rms/index.php/Home/Maintenance/updateMaintenance.html
INFO: [ app_init ] --START--
INFO: Run Behavior\BuildLiteBehavior [ RunTime:0.000024s ]
INFO: [ app_init ] --END-- [ RunTime:0.000856s ]
INFO: [ app_begin ] --START--
INFO: Run Behavior\ReadHtmlCacheBehavior [ RunTime:0.001416s ]
INFO: [ app_begin ] --END-- [ RunTime:0.001566s ]
SQL: SHOW COLUMNS FROM `rms_maintenance_recode` [ RunTime:0.0009s ]

[ 2019-06-21T00:43:54+08:00 ] 127.0.0.1 /rms/index.php/Home/Maintenance/updateMaintenance.html
INFO: [ app_init ] --START--
INFO: Run Behavior\BuildLiteBehavior [ RunTime:0.000024s ]
INFO: [ app_init ] --END-- [ RunTime:0.000856s ]
INFO: [ app_begin ] --START--
INFO: Run Behavior\ReadHtmlCacheBehavior [ RunTime:0.000918s ]
INFO: [ app_begin ] --END-- [ RunTime:0.001041s ]
SQL: SHOW COLUMNS FROM `rms_maintenance_recode` [ RunTime:0.0005s ]

[ 2019-06-21T00:43:59+08:00 ] 127.0.0.1 /rms/index.php/Home/Maintenance/updateMaintenance.html
INFO: [ app_init ] --START--
INFO: Run Behavior\BuildLiteBehavior [ RunTime:0.000027s ]
INFO: [ app_init ] --END-- [ RunTime:0.000687s ]
INFO: [ app_begin ] --START--
INFO: Run Behavior\ReadHtmlCacheBehavior [ RunTime:0.001249s ]
INFO: [ app_begin ] --END-- [ RunTime:0.001392s ]
SQL: SHOW COLUMNS FROM `rms_maintenance_recode` [ RunTime:0.0006s ]

[ 2019-06-21T00:44:07+08:00 ] 127.0.0.1 /rms/index.php/Home/Maintenance/updateMaintenance.html
INFO: [ app_init ] --START--
INFO: Run Behavior\BuildLiteBehavior [ RunTime:0.000024s ]
INFO: [ app_init ] --END-- [ RunTime:0.000776s ]
INFO: [ app_begin ] --START--
INFO: Run Behavior\ReadHtmlCacheBehavior [ RunTime:0.000903s ]
INFO: [ app_begin ] --END-- [ RunTime:0.001050s ]
SQL: SHOW COLUMNS FROM `rms_maintenance_recode` [ RunTime:0.0006s ]

[ 2019-06-21T00:44:14+08:00 ] 127.0.0.1 /rms/index.php/Home/Maintenance/updateMaintenance.html
INFO: [ app_init ] --START--
INFO: Run Behavior\BuildLiteBehavior [ RunTime:0.000050s ]
INFO: [ app_init ] --END-- [ RunTime:0.001338s ]
INFO: [ app_begin ] --START--
INFO: Run Behavior\ReadHtmlCacheBehavior [ RunTime:0.001822s ]
INFO: [ app_begin ] --END-- [ RunTime:0.002020s ]
SQL: SHOW COLUMNS FROM `rms_maintenance_recode` [ RunTime:0.0007s ]

[ 2019-06-21T00:44:21+08:00 ] 127.0.0.1 /rms/index.php/Home/Maintenance/updateMaintenance.html
INFO: [ app_init ] --START--
INFO: Run Behavior\BuildLiteBehavior [ RunTime:0.000029s ]
INFO: [ app_init ] --END-- [ RunTime:0.000961s ]
INFO: [ app_begin ] --START--
INFO: Run Behavior\ReadHtmlCacheBehavior [ RunTime:0.001343s ]
INFO: [ app_begin ] --END-- [ RunTime:0.001479s ]
SQL: SHOW COLUMNS FROM `rms_maintenance_recode` [ RunTime:0.0016s ]
SQL: UPDATE `rms_maintenance_recode` SET `manual_cost`='11',`material_cost`='11',`note`='111',`repair_status`='11',`order_num`='1' WHERE ( order_num=1 ) [ RunTime:0.0188s ]

[ 2019-06-21T00:44:27+08:00 ] 127.0.0.1 /rms/index.php/Home/Maintenance/updateMaintenance.html
INFO: [ app_init ] --START--
INFO: Run Behavior\BuildLiteBehavior [ RunTime:0.000024s ]
INFO: [ app_init ] --END-- [ RunTime:0.001185s ]
INFO: [ app_begin ] --START--
INFO: Run Behavior\ReadHtmlCacheBehavior [ RunTime:0.001566s ]
INFO: [ app_begin ] --END-- [ RunTime:0.001760s ]
SQL: SHOW COLUMNS FROM `rms_maintenance_recode` [ RunTime:0.0147s ]
SQL: UPDATE `rms_maintenance_recode` SET `manual_cost`='11',`material_cost`='11',`note`='111',`repair_status`='11',`order_num`='12' WHERE ( order_num=12 ) [ RunTime:0.0007s ]

[ 2019-06-21T00:44:30+08:00 ] 127.0.0.1 /rms/index.php/Home/Maintenance/updateMaintenance.html
INFO: [ app_init ] --START--
INFO: Run Behavior\BuildLiteBehavior [ RunTime:0.000025s ]
INFO: [ app_init ] --END-- [ RunTime:0.000743s ]
INFO: [ app_begin ] --START--
INFO: Run Behavior\ReadHtmlCacheBehavior [ RunTime:0.000959s ]
INFO: [ app_begin ] --END-- [ RunTime:0.001080s ]
SQL: SHOW COLUMNS FROM `rms_maintenance_recode` [ RunTime:0.0011s ]
SQL: UPDATE `rms_maintenance_recode` SET `manual_cost`='11',`material_cost`='11',`note`='111',`repair_status`='11',`order_num`='12' WHERE ( order_num=12 ) [ RunTime:0.0004s ]
NOTIC: [8] Undefined variable: client F:\wamp\www\RMS\Application\Home\Controller\MaintenanceController.class.php 第 130 行.
INFO: [ app_end ] --START--
INFO: Run Behavior\ShowPageTraceBehavior [ RunTime:0.001079s ]
INFO: [ app_end ] --END-- [ RunTime:0.001235s ]

[ 2019-06-21T00:44:54+08:00 ] 127.0.0.1 /rms/index.php/Home/Maintenance/updateMaintenance.html
INFO: [ app_init ] --START--
INFO: Run Behavior\BuildLiteBehavior [ RunTime:0.000022s ]
INFO: [ app_init ] --END-- [ RunTime:0.000490s ]
INFO: [ app_begin ] --START--
INFO: Run Behavior\ReadHtmlCacheBehavior [ RunTime:0.000796s ]
INFO: [ app_begin ] --END-- [ RunTime:0.000919s ]
SQL: SHOW COLUMNS FROM `rms_maintenance_recode` [ RunTime:0.0006s ]
ERR: 1264:Out of range value for column 'repair_status' at row 1
 [ SQL语句 ] : UPDATE `rms_maintenance_recode` SET `manual_cost`='111',`material_cost`='111',`note`='11111',`repair_status`='1111',`order_num`='12' WHERE ( order_num=12 )
ERR: 1264:Out of range value for column 'repair_status' at row 1
 [ SQL语句 ] : UPDATE `rms_maintenance_recode` SET `manual_cost`='111',`material_cost`='111',`note`='11111',`repair_status`='1111',`order_num`='12' WHERE ( order_num=12 )

[ 2019-06-21T00:45:26+08:00 ] 127.0.0.1 /rms/index.php/Home/Maintenance/updateMaintenance.html
INFO: [ app_init ] --START--
INFO: Run Behavior\BuildLiteBehavior [ RunTime:0.000023s ]
INFO: [ app_init ] --END-- [ RunTime:0.000936s ]
INFO: [ app_begin ] --START--
INFO: Run Behavior\ReadHtmlCacheBehavior [ RunTime:0.001029s ]
INFO: [ app_begin ] --END-- [ RunTime:0.001151s ]
SQL: SHOW COLUMNS FROM `rms_maintenance_recode` [ RunTime:0.0014s ]
ERR: 1264:Out of range value for column 'repair_status' at row 1
 [ SQL语句 ] : UPDATE `rms_maintenance_recode` SET `manual_cost`='111',`material_cost`='111',`note`='11111',`repair_status`='1111',`order_num`='12' WHERE ( order_num=12 )
ERR: 1264:Out of range value for column 'repair_status' at row 1
 [ SQL语句 ] : UPDATE `rms_maintenance_recode` SET `manual_cost`='111',`material_cost`='111',`note`='11111',`repair_status`='1111',`order_num`='12' WHERE ( order_num=12 )

[ 2019-06-21T00:45:34+08:00 ] 127.0.0.1 /rms/index.php/Home/Maintenance/updateMaintenance.html
INFO: [ app_init ] --START--
INFO: Run Behavior\BuildLiteBehavior [ RunTime:0.000022s ]
INFO: [ app_init ] --END-- [ RunTime:0.000582s ]
INFO: [ app_begin ] --START--
INFO: Run Behavior\ReadHtmlCacheBehavior [ RunTime:0.000965s ]
INFO: [ app_begin ] --END-- [ RunTime:0.001427s ]
SQL: SHOW COLUMNS FROM `rms_maintenance_recode` [ RunTime:0.0009s ]
SQL: UPDATE `rms_maintenance_recode` SET `manual_cost`='111',`material_cost`='111',`note`='11111',`repair_status`='0',`order_num`='12' WHERE ( order_num=12 ) [ RunTime:0.0005s ]

[ 2019-06-21T00:45:40+08:00 ] 127.0.0.1 /rms/index.php/Home/Maintenance/updateMaintenance.html
INFO: [ app_init ] --START--
INFO: Run Behavior\BuildLiteBehavior [ RunTime:0.000025s ]
INFO: [ app_init ] --END-- [ RunTime:0.000842s ]
INFO: [ app_begin ] --START--
INFO: Run Behavior\ReadHtmlCacheBehavior [ RunTime:0.000942s ]
INFO: [ app_begin ] --END-- [ RunTime:0.001081s ]
SQL: SHOW COLUMNS FROM `rms_maintenance_recode` [ RunTime:0.0007s ]
SQL: UPDATE `rms_maintenance_recode` SET `manual_cost`='111',`material_cost`='0',`note`='asdqw',`repair_status`='0',`order_num`='12' WHERE ( order_num=12 ) [ RunTime:0.0004s ]

[ 2019-06-21T00:48:43+08:00 ] 127.0.0.1 /rms/index.php/Home/Maintenance/updateMaintenance.html
INFO: [ app_init ] --START--
INFO: Run Behavior\BuildLiteBehavior [ RunTime:0.000025s ]
INFO: [ app_init ] --END-- [ RunTime:0.000760s ]
INFO: [ app_begin ] --START--
INFO: Run Behavior\ReadHtmlCacheBehavior [ RunTime:0.002213s ]
INFO: [ app_begin ] --END-- [ RunTime:0.002523s ]

[ 2019-06-21T00:49:11+08:00 ] 127.0.0.1 /rms/index.php/Home/Maintenance/updateMaintenance.html
INFO: [ app_init ] --START--
INFO: Run Behavior\BuildLiteBehavior [ RunTime:0.000023s ]
INFO: [ app_init ] --END-- [ RunTime:0.000711s ]
INFO: [ app_begin ] --START--
INFO: Run Behavior\ReadHtmlCacheBehavior [ RunTime:0.000792s ]
INFO: [ app_begin ] --END-- [ RunTime:0.000911s ]
SQL: SHOW COLUMNS FROM `rms_maintenance_recode` [ RunTime:0.0007s ]
SQL: UPDATE `rms_maintenance_recode` SET `manual_cost`='111',`material_cost`='0',`note`='asdqw',`repair_status`='0',`order_num`='12' WHERE ( order_num=12 ) [ RunTime:0.0003s ]
NOTIC: [8] Undefined variable: client F:\wamp\www\RMS\Application\Home\Controller\MaintenanceController.class.php 第 130 行.
INFO: [ app_end ] --START--
INFO: Run Behavior\ShowPageTraceBehavior [ RunTime:0.000918s ]
INFO: [ app_end ] --END-- [ RunTime:0.001018s ]

[ 2019-06-21T00:49:52+08:00 ] 127.0.0.1 /rms/index.php/Home/Maintenance/updateMaintenance.html
INFO: [ app_init ] --START--
INFO: Run Behavior\BuildLiteBehavior [ RunTime:0.000048s ]
INFO: [ app_init ] --END-- [ RunTime:0.000959s ]
INFO: [ app_begin ] --START--
INFO: Run Behavior\ReadHtmlCacheBehavior [ RunTime:0.001300s ]
INFO: [ app_begin ] --END-- [ RunTime:0.001534s ]
SQL: SHOW COLUMNS FROM `rms_maintenance_recode` [ RunTime:0.0009s ]
NOTIC: [2] strip_tags() expects parameter 1 to be string, object given F:\wamp\www\ThinkPHP\Library\Think\Model.class.php 第 282 行.
NOTIC: [2] strip_tags() expects parameter 1 to be string, object given F:\wamp\www\ThinkPHP\Library\Think\Model.class.php 第 282 行.
SQL: UPDATE `rms_maintenance_recode` SET `manual_cost`='111',`material_cost`='0',`note`='asdqw',`repair_status`='0',`order_num`='12',`detect_record`=NULL,`maintain_data`=NULL WHERE ( order_num=12 ) [ RunTime:0.0005s ]
NOTIC: [8] Undefined variable: client F:\wamp\www\RMS\Application\Home\Controller\MaintenanceController.class.php 第 130 行.
INFO: [ app_end ] --START--
INFO: Run Behavior\ShowPageTraceBehavior [ RunTime:0.001476s ]
INFO: [ app_end ] --END-- [ RunTime:0.001790s ]

[ 2019-06-21T00:50:31+08:00 ] 127.0.0.1 /rms/index.php/Home/Maintenance/updateMaintenance.html
INFO: [ app_init ] --START--
INFO: Run Behavior\BuildLiteBehavior [ RunTime:0.000039s ]
INFO: [ app_init ] --END-- [ RunTime:0.000724s ]
INFO: [ app_begin ] --START--
INFO: Run Behavior\ReadHtmlCacheBehavior [ RunTime:0.001186s ]
INFO: [ app_begin ] --END-- [ RunTime:0.001320s ]
SQL: SHOW COLUMNS FROM `rms_maintenance_recode` [ RunTime:0.0006s ]
SQL: UPDATE `rms_maintenance_recode` SET `manual_cost`='111',`material_cost`='0',`note`='asdqw',`repair_status`='0',`order_num`='12' WHERE ( order_num=12 ) [ RunTime:0.0004s ]
NOTIC: [8] Undefined variable: client F:\wamp\www\RMS\Application\Home\Controller\MaintenanceController.class.php 第 130 行.
INFO: [ app_end ] --START--
INFO: Run Behavior\ShowPageTraceBehavior [ RunTime:0.001242s ]
INFO: [ app_end ] --END-- [ RunTime:0.001348s ]

[ 2019-06-21T00:51:11+08:00 ] 127.0.0.1 /rms/index.php/Home/Maintenance/updateMaintenance.html
INFO: [ app_init ] --START--
INFO: Run Behavior\BuildLiteBehavior [ RunTime:0.000044s ]
INFO: [ app_init ] --END-- [ RunTime:0.000892s ]
INFO: [ app_begin ] --START--
INFO: Run Behavior\ReadHtmlCacheBehavior [ RunTime:0.001701s ]
INFO: [ app_begin ] --END-- [ RunTime:0.001914s ]
SQL: SHOW COLUMNS FROM `rms_maintenance_recode` [ RunTime:0.0005s ]
SQL: UPDATE `rms_maintenance_recode` SET `manual_cost`='111',`material_cost`='0',`note`='asdqw',`repair_status`='0',`order_num`='12' WHERE ( order_num=12 ) [ RunTime:0.0003s ]
NOTIC: [8] Undefined variable: client F:\wamp\www\RMS\Application\Home\Controller\MaintenanceController.class.php 第 130 行.
INFO: [ app_end ] --START--
INFO: Run Behavior\ShowPageTraceBehavior [ RunTime:0.000948s ]
INFO: [ app_end ] --END-- [ RunTime:0.001048s ]

[ 2019-06-21T00:51:19+08:00 ] 127.0.0.1 /rms/index.php/Home/Maintenance/updateMaintenance.html
INFO: [ app_init ] --START--
INFO: Run Behavior\BuildLiteBehavior [ RunTime:0.000026s ]
INFO: [ app_init ] --END-- [ RunTime:0.000810s ]
INFO: [ app_begin ] --START--
INFO: Run Behavior\ReadHtmlCacheBehavior [ RunTime:0.001342s ]
INFO: [ app_begin ] --END-- [ RunTime:0.001594s ]
SQL: SHOW COLUMNS FROM `rms_maintenance_recode` [ RunTime:0.0007s ]
SQL: UPDATE `rms_maintenance_recode` SET `manual_cost`='111',`material_cost`='0',`note`='asd',`repair_status`='0',`order_num`='12' WHERE ( order_num=12 ) [ RunTime:0.0006s ]

[ 2019-06-21T00:51:28+08:00 ] 127.0.0.1 /rms/index.php/Home/Maintenance/updateMaintenance.html
INFO: [ app_init ] --START--
INFO: Run Behavior\BuildLiteBehavior [ RunTime:0.000041s ]
INFO: [ app_init ] --END-- [ RunTime:0.000912s ]
INFO: [ app_begin ] --START--
INFO: Run Behavior\ReadHtmlCacheBehavior [ RunTime:0.000803s ]
INFO: [ app_begin ] --END-- [ RunTime:0.000915s ]
SQL: SHOW COLUMNS FROM `rms_maintenance_recode` [ RunTime:0.0008s ]
SQL: UPDATE `rms_maintenance_recode` SET `manual_cost`='111',`material_cost`='0',`note`='asd',`repair_status`='0',`order_num`='12' WHERE ( order_num=12 ) [ RunTime:0.0004s ]
NOTIC: [8] Undefined variable: client F:\wamp\www\RMS\Application\Home\Controller\MaintenanceController.class.php 第 130 行.
INFO: [ app_end ] --START--
INFO: Run Behavior\ShowPageTraceBehavior [ RunTime:0.000930s ]
INFO: [ app_end ] --END-- [ RunTime:0.001028s ]

[ 2019-06-21T00:51:39+08:00 ] 127.0.0.1 /rms/index.php/Home/Maintenance/updateMaintenance.html
INFO: [ app_init ] --START--
INFO: Run Behavior\BuildLiteBehavior [ RunTime:0.000037s ]
INFO: [ app_init ] --END-- [ RunTime:0.000785s ]
INFO: [ app_begin ] --START--
INFO: Run Behavior\ReadHtmlCacheBehavior [ RunTime:0.000841s ]
INFO: [ app_begin ] --END-- [ RunTime:0.000953s ]
SQL: SHOW COLUMNS FROM `rms_maintenance_recode` [ RunTime:0.0009s ]
SQL: UPDATE `rms_maintenance_recode` SET `manual_cost`='111',`material_cost`='0',`note`='asd',`repair_status`='0',`order_num`='1' WHERE ( order_num=1 ) [ RunTime:0.0005s ]

[ 2019-06-21T00:51:42+08:00 ] 127.0.0.1 /rms/index.php/Home/Maintenance/updateMaintenance.html
INFO: [ app_init ] --START--
INFO: Run Behavior\BuildLiteBehavior [ RunTime:0.000033s ]
INFO: [ app_init ] --END-- [ RunTime:0.001019s ]
INFO: [ app_begin ] --START--
INFO: Run Behavior\ReadHtmlCacheBehavior [ RunTime:0.001105s ]
INFO: [ app_begin ] --END-- [ RunTime:0.001286s ]
SQL: SHOW COLUMNS FROM `rms_maintenance_recode` [ RunTime:0.0011s ]
SQL: UPDATE `rms_maintenance_recode` SET `manual_cost`='111',`material_cost`='0',`note`='asd',`repair_status`='0',`order_num`='12' WHERE ( order_num=12 ) [ RunTime:0.0005s ]
NOTIC: [8] Undefined variable: client F:\wamp\www\RMS\Application\Home\Controller\MaintenanceController.class.php 第 130 行.
INFO: [ app_end ] --START--
INFO: Run Behavior\ShowPageTraceBehavior [ RunTime:0.001016s ]
INFO: [ app_end ] --END-- [ RunTime:0.001126s ]

[ 2019-06-21T00:52:08+08:00 ] 127.0.0.1 /rms/index.php/Home/Maintenance/updateMaintenance.html
INFO: [ app_init ] --START--
INFO: Run Behavior\BuildLiteBehavior [ RunTime:0.000044s ]
INFO: [ app_init ] --END-- [ RunTime:0.000950s ]
INFO: [ app_begin ] --START--
INFO: Run Behavior\ReadHtmlCacheBehavior [ RunTime:0.001109s ]
INFO: [ app_begin ] --END-- [ RunTime:0.001240s ]
SQL: SHOW COLUMNS FROM `rms_maintenance_recode` [ RunTime:0.0010s ]
SQL: UPDATE `rms_maintenance_recode` SET `manual_cost`='111',`material_cost`='0',`note`='asd',`repair_status`='0',`order_num`='12' WHERE ( order_num=12 ) [ RunTime:0.0009s ]
NOTIC: [8] Undefined variable: client F:\wamp\www\RMS\Application\Home\Controller\MaintenanceController.class.php 第 130 行.
INFO: [ app_end ] --START--
INFO: Run Behavior\ShowPageTraceBehavior [ RunTime:0.001370s ]
INFO: [ app_end ] --END-- [ RunTime:0.001545s ]

[ 2019-06-21T00:52:12+08:00 ] 127.0.0.1 /rms/index.php/Home/Maintenance/updateMaintenance.html
INFO: [ app_init ] --START--
INFO: Run Behavior\BuildLiteBehavior [ RunTime:0.000039s ]
INFO: [ app_init ] --END-- [ RunTime:0.000726s ]
INFO: [ app_begin ] --START--
INFO: Run Behavior\ReadHtmlCacheBehavior [ RunTime:0.002233s ]
INFO: [ app_begin ] --END-- [ RunTime:0.002545s ]
SQL: SHOW COLUMNS FROM `rms_maintenance_recode` [ RunTime:0.0008s ]
SQL: UPDATE `rms_maintenance_recode` SET `manual_cost`='111',`material_cost`='0',`note`='asd',`repair_status`='0',`order_num`='12' WHERE ( order_num=12 ) [ RunTime:0.0003s ]
NOTIC: [8] Undefined variable: client F:\wamp\www\RMS\Application\Home\Controller\MaintenanceController.class.php 第 130 行.
INFO: [ app_end ] --START--
INFO: Run Behavior\ShowPageTraceBehavior [ RunTime:0.018894s ]
INFO: [ app_end ] --END-- [ RunTime:0.019006s ]

[ 2019-06-21T00:52:23+08:00 ] 127.0.0.1 /rms/index.php/Home/Maintenance/updateMaintenance.html
INFO: [ app_init ] --START--
INFO: Run Behavior\BuildLiteBehavior [ RunTime:0.000024s ]
INFO: [ app_init ] --END-- [ RunTime:0.000717s ]
INFO: [ app_begin ] --START--
INFO: Run Behavior\ReadHtmlCacheBehavior [ RunTime:0.000824s ]
INFO: [ app_begin ] --END-- [ RunTime:0.000942s ]
SQL: SHOW COLUMNS FROM `rms_maintenance_recode` [ RunTime:0.0008s ]
SQL: UPDATE `rms_maintenance_recode` SET `manual_cost`='111',`material_cost`='0',`note`='asd',`repair_status`='0',`order_num`='12' WHERE ( order_num=12 ) [ RunTime:0.0003s ]
NOTIC: [8] Undefined variable: client F:\wamp\www\RMS\Application\Home\Controller\MaintenanceController.class.php 第 130 行.
INFO: [ app_end ] --START--
INFO: Run Behavior\ShowPageTraceBehavior [ RunTime:0.000936s ]
INFO: [ app_end ] --END-- [ RunTime:0.001284s ]

[ 2019-06-21T00:52:26+08:00 ] 127.0.0.1 /rms/index.php/Home/Maintenance/updateMaintenance.html
INFO: [ app_init ] --START--
INFO: Run Behavior\BuildLiteBehavior [ RunTime:0.000032s ]
INFO: [ app_init ] --END-- [ RunTime:0.001352s ]
INFO: [ app_begin ] --START--
INFO: Run Behavior\ReadHtmlCacheBehavior [ RunTime:0.000854s ]
INFO: [ app_begin ] --END-- [ RunTime:0.000975s ]
SQL: SHOW COLUMNS FROM `rms_maintenance_recode` [ RunTime:0.0006s ]
SQL: UPDATE `rms_maintenance_recode` SET `manual_cost`='1',`material_cost`='0',`note`='asd',`repair_status`='0',`order_num`='12' WHERE ( order_num=12 ) [ RunTime:0.0006s ]

[ 2019-06-21T00:52:29+08:00 ] 127.0.0.1 /rms/index.php/Home/Maintenance/updateMaintenance.html
INFO: [ app_init ] --START--
INFO: Run Behavior\BuildLiteBehavior [ RunTime:0.000029s ]
INFO: [ app_init ] --END-- [ RunTime:0.000814s ]
INFO: [ app_begin ] --START--
INFO: Run Behavior\ReadHtmlCacheBehavior [ RunTime:0.001292s ]
INFO: [ app_begin ] --END-- [ RunTime:0.001460s ]
SQL: SHOW COLUMNS FROM `rms_maintenance_recode` [ RunTime:0.0010s ]
SQL: UPDATE `rms_maintenance_recode` SET `manual_cost`='1',`material_cost`='0',`note`='asd',`repair_status`='0',`order_num`='12' WHERE ( order_num=12 ) [ RunTime:0.0006s ]
NOTIC: [8] Undefined variable: client F:\wamp\www\RMS\Application\Home\Controller\MaintenanceController.class.php 第 130 行.
INFO: [ app_end ] --START--
INFO: Run Behavior\ShowPageTraceBehavior [ RunTime:0.000947s ]
INFO: [ app_end ] --END-- [ RunTime:0.001046s ]

[ 2019-06-21T00:52:34+08:00 ] 127.0.0.1 /rms/index.php/Home/Maintenance/updateMaintenance.html
INFO: [ app_init ] --START--
INFO: Run Behavior\BuildLiteBehavior [ RunTime:0.000025s ]
INFO: [ app_init ] --END-- [ RunTime:0.000857s ]
INFO: [ app_begin ] --START--
INFO: Run Behavior\ReadHtmlCacheBehavior [ RunTime:0.001027s ]
INFO: [ app_begin ] --END-- [ RunTime:0.001146s ]
SQL: SHOW COLUMNS FROM `rms_maintenance_recode` [ RunTime:0.0007s ]

[ 2019-06-21T00:53:12+08:00 ] 127.0.0.1 /rms/index.php/Home/Maintenance/updateMaintenance.html
INFO: [ app_init ] --START--
INFO: Run Behavior\BuildLiteBehavior [ RunTime:0.000024s ]
INFO: [ app_init ] --END-- [ RunTime:0.000619s ]
INFO: [ app_begin ] --START--
INFO: Run Behavior\ReadHtmlCacheBehavior [ RunTime:0.000695s ]
INFO: [ app_begin ] --END-- [ RunTime:0.000804s ]
SQL: SHOW COLUMNS FROM `rms_maintenance_recode` [ RunTime:0.0007s ]

[ 2019-06-21T00:53:19+08:00 ] 127.0.0.1 /rms/index.php/Home/Maintenance/updateMaintenance.html
INFO: [ app_init ] --START--
INFO: Run Behavior\BuildLiteBehavior [ RunTime:0.000023s ]
INFO: [ app_init ] --END-- [ RunTime:0.000576s ]
INFO: [ app_begin ] --START--
INFO: Run Behavior\ReadHtmlCacheBehavior [ RunTime:0.001565s ]
INFO: [ app_begin ] --END-- [ RunTime:0.001728s ]
SQL: SHOW COLUMNS FROM `rms_maintenance_recode` [ RunTime:0.0005s ]
SQL: UPDATE `rms_maintenance_recode` SET `manual_cost`='1',`material_cost`='0',`note`='asdasdas',`repair_status`='1',`order_num`='12' WHERE ( order_num=12 ) [ RunTime:0.0003s ]

[ 2019-06-21T00:54:34+08:00 ] 127.0.0.1 /rms/index.php/Home/Maintenance/updateMaintenance.html
INFO: [ app_init ] --START--
INFO: Run Behavior\BuildLiteBehavior [ RunTime:0.000042s ]
INFO: [ app_init ] --END-- [ RunTime:0.000898s ]
INFO: [ app_begin ] --START--
INFO: Run Behavior\ReadHtmlCacheBehavior [ RunTime:0.001352s ]
INFO: [ app_begin ] --END-- [ RunTime:0.001618s ]
SQL: SHOW COLUMNS FROM `rms_maintenance_recode` [ RunTime:0.0017s ]
SQL: UPDATE `rms_maintenance_recode` SET `manual_cost`='1',`material_cost`='0',`note`='asdasdas',`repair_status`='1',`order_num`='12' WHERE ( order_num=12 ) [ RunTime:0.0006s ]
NOTIC: [8] Undefined variable: client F:\wamp\www\RMS\Application\Home\Controller\MaintenanceController.class.php 第 130 行.
INFO: [ app_end ] --START--
INFO: Run Behavior\ShowPageTraceBehavior [ RunTime:0.001368s ]
INFO: [ app_end ] --END-- [ RunTime:0.001574s ]

[ 2019-06-21T00:54:45+08:00 ] 127.0.0.1 /rms/index.php/Home/Maintenance/updateMaintenance.html
INFO: [ app_init ] --START--
INFO: Run Behavior\BuildLiteBehavior [ RunTime:0.000025s ]
INFO: [ app_init ] --END-- [ RunTime:0.001098s ]
INFO: [ app_begin ] --START--
INFO: Run Behavior\ReadHtmlCacheBehavior [ RunTime:0.001097s ]
INFO: [ app_begin ] --END-- [ RunTime:0.001702s ]
SQL: SHOW COLUMNS FROM `rms_maintenance_recode` [ RunTime:0.0015s ]
SQL: UPDATE `rms_maintenance_recode` SET `manual_cost`='1',`material_cost`='0',`note`='asdasdas',`repair_status`='1',`order_num`='12' WHERE ( order_num=12 ) [ RunTime:0.0003s ]
NOTIC: [8] Undefined variable: client F:\wamp\www\RMS\Application\Home\Controller\MaintenanceController.class.php 第 130 行.
INFO: [ app_end ] --START--
INFO: Run Behavior\ShowPageTraceBehavior [ RunTime:0.001343s ]
INFO: [ app_end ] --END-- [ RunTime:0.001454s ]

[ 2019-06-21T00:54:46+08:00 ] 127.0.0.1 /rms/index.php/Home/Maintenance/updateMaintenance.html
INFO: [ app_init ] --START--
INFO: Run Behavior\BuildLiteBehavior [ RunTime:0.000025s ]
INFO: [ app_init ] --END-- [ RunTime:0.000672s ]
INFO: [ app_begin ] --START--
INFO: Run Behavior\ReadHtmlCacheBehavior [ RunTime:0.001063s ]
INFO: [ app_begin ] --END-- [ RunTime:0.001274s ]
SQL: SHOW COLUMNS FROM `rms_maintenance_recode` [ RunTime:0.0015s ]
SQL: UPDATE `rms_maintenance_recode` SET `manual_cost`='1',`material_cost`='0',`note`='asdasdas',`repair_status`='1',`order_num`='12' WHERE ( order_num=12 ) [ RunTime:0.0004s ]
NOTIC: [8] Undefined variable: client F:\wamp\www\RMS\Application\Home\Controller\MaintenanceController.class.php 第 130 行.
INFO: [ app_end ] --START--
INFO: Run Behavior\ShowPageTraceBehavior [ RunTime:0.001034s ]
INFO: [ app_end ] --END-- [ RunTime:0.001134s ]

[ 2019-06-21T01:05:17+08:00 ] 127.0.0.1 /rms/index.php/Home/Repair/settleRepair.html
INFO: [ app_init ] --START--
INFO: Run Behavior\BuildLiteBehavior [ RunTime:0.000023s ]
INFO: [ app_init ] --END-- [ RunTime:0.000793s ]
INFO: [ app_begin ] --START--
INFO: Run Behavior\ReadHtmlCacheBehavior [ RunTime:0.001228s ]
INFO: [ app_begin ] --END-- [ RunTime:0.001424s ]
SQL: SHOW COLUMNS FROM `rms_repair_record` [ RunTime:0.0007s ]
NOTIC: [8] Undefined variable: client F:\wamp\www\RMS\Application\Home\Controller\RepairController.class.php 第 119 行.
SQL: UPDATE `rms_repair_record` SET `repair_status`='2' WHERE ( order_num=1 ) [ RunTime:0.0006s ]

[ 2019-06-21T01:05:26+08:00 ] 127.0.0.1 /rms/index.php/Home/Repair/settleRepair.html
INFO: [ app_init ] --START--
INFO: Run Behavior\BuildLiteBehavior [ RunTime:0.000023s ]
INFO: [ app_init ] --END-- [ RunTime:0.000673s ]
INFO: [ app_begin ] --START--
INFO: Run Behavior\ReadHtmlCacheBehavior [ RunTime:0.000855s ]
INFO: [ app_begin ] --END-- [ RunTime:0.000967s ]
SQL: SHOW COLUMNS FROM `rms_repair_record` [ RunTime:0.0013s ]
NOTIC: [8] Undefined variable: client F:\wamp\www\RMS\Application\Home\Controller\RepairController.class.php 第 119 行.
SQL: UPDATE `rms_repair_record` SET `repair_status`='2' WHERE ( order_num=2 ) [ RunTime:0.0006s ]

[ 2019-06-21T23:42:50+08:00 ] 127.0.0.1 /rms2/
INFO: [ app_init ] --START--
INFO: Run Behavior\BuildLiteBehavior [ RunTime:0.000024s ]
INFO: [ app_init ] --END-- [ RunTime:0.000707s ]
INFO: [ app_begin ] --START--
INFO: Run Behavior\ReadHtmlCacheBehavior [ RunTime:0.000927s ]
INFO: [ app_begin ] --END-- [ RunTime:0.001064s ]
INFO: [ view_parse ] --START--
INFO: [ template_filter ] --START--
INFO: Run Behavior\ContentReplaceBehavior [ RunTime:0.000061s ]
INFO: [ template_filter ] --END-- [ RunTime:0.000175s ]
INFO: Run Behavior\ParseTemplateBehavior [ RunTime:0.039436s ]
INFO: [ view_parse ] --END-- [ RunTime:0.039557s ]
INFO: [ view_filter ] --START--
INFO: Run Behavior\WriteHtmlCacheBehavior [ RunTime:0.000939s ]
INFO: [ view_filter ] --END-- [ RunTime:0.001039s ]
INFO: [ app_end ] --START--
INFO: Run Behavior\ShowPageTraceBehavior [ RunTime:0.000940s ]
INFO: [ app_end ] --END-- [ RunTime:0.001049s ]

[ 2019-06-21T23:42:54+08:00 ] 127.0.0.1 /rms2/index.php/Home/login/check.html
INFO: [ app_init ] --START--
INFO: Run Behavior\BuildLiteBehavior [ RunTime:0.000028s ]
INFO: [ app_init ] --END-- [ RunTime:0.000787s ]
INFO: [ app_begin ] --START--
INFO: Run Behavior\ReadHtmlCacheBehavior [ RunTime:0.001004s ]
INFO: [ app_begin ] --END-- [ RunTime:0.001141s ]
SQL: SHOW COLUMNS FROM `rms_user` [ RunTime:0.0012s ]
SQL: SELECT `id`,`user_password`,`user_name`,`type` FROM `rms_user` WHERE `id` = 0 AND `user_password` = '' LIMIT 1   [ RunTime:0.0003s ]
NOTIC: [8] Use of undefined constant err_msg - assumed 'err_msg' F:\wamp\www\RMS2\Application\Home\Controller\LoginController.class.php 第 50 行.
INFO: [ app_end ] --START--
INFO: Run Behavior\ShowPageTraceBehavior [ RunTime:0.000912s ]
INFO: [ app_end ] --END-- [ RunTime:0.001022s ]

[ 2019-06-21T23:44:15+08:00 ] 127.0.0.1 /rms2/index.php/Home/Client/updateClient.html
INFO: [ app_init ] --START--
INFO: Run Behavior\BuildLiteBehavior [ RunTime:0.000024s ]
INFO: [ app_init ] --END-- [ RunTime:0.000675s ]
INFO: [ app_begin ] --START--
INFO: Run Behavior\ReadHtmlCacheBehavior [ RunTime:0.000725s ]
INFO: [ app_begin ] --END-- [ RunTime:0.000886s ]

[ 2019-06-21T23:45:08+08:00 ] 127.0.0.1 /rms2/index.php/Home/Client/updateClient.html
INFO: [ app_init ] --START--
INFO: Run Behavior\BuildLiteBehavior [ RunTime:0.000026s ]
INFO: [ app_init ] --END-- [ RunTime:0.000895s ]
INFO: [ app_begin ] --START--
INFO: Run Behavior\ReadHtmlCacheBehavior [ RunTime:0.001351s ]
INFO: [ app_begin ] --END-- [ RunTime:0.001548s ]

[ 2019-06-21T23:46:45+08:00 ] 127.0.0.1 /rms2/index.php/Home/Client/updateClient.html
INFO: [ app_init ] --START--
INFO: Run Behavior\BuildLiteBehavior [ RunTime:0.000075s ]
INFO: [ app_init ] --END-- [ RunTime:0.000718s ]
INFO: [ app_begin ] --START--
INFO: Run Behavior\ReadHtmlCacheBehavior [ RunTime:0.000733s ]
INFO: [ app_begin ] --END-- [ RunTime:0.000837s ]

[ 2019-06-21T23:47:54+08:00 ] 127.0.0.1 /rms2/index.php/Home/Client/updateClient.html
INFO: [ app_init ] --START--
INFO: Run Behavior\BuildLiteBehavior [ RunTime:0.000024s ]
INFO: [ app_init ] --END-- [ RunTime:0.000594s ]
INFO: [ app_begin ] --START--
INFO: Run Behavior\ReadHtmlCacheBehavior [ RunTime:0.000898s ]
INFO: [ app_begin ] --END-- [ RunTime:0.001010s ]

[ 2019-06-21T23:49:27+08:00 ] 127.0.0.1 /rms2/index.php/Home/Client/updateClient.html
INFO: [ app_init ] --START--
INFO: Run Behavior\BuildLiteBehavior [ RunTime:0.000022s ]
INFO: [ app_init ] --END-- [ RunTime:0.000500s ]
INFO: [ app_begin ] --START--
INFO: Run Behavior\ReadHtmlCacheBehavior [ RunTime:0.000782s ]
INFO: [ app_begin ] --END-- [ RunTime:0.000887s ]
SQL: SHOW COLUMNS FROM `rms_client` [ RunTime:0.0015s ]

[ 2019-06-21T23:50:36+08:00 ] 127.0.0.1 /rms2/index.php/Home/Client/updateClient.html
INFO: [ app_init ] --START--
INFO: Run Behavior\BuildLiteBehavior [ RunTime:0.000021s ]
INFO: [ app_init ] --END-- [ RunTime:0.000580s ]
INFO: [ app_begin ] --START--
INFO: Run Behavior\ReadHtmlCacheBehavior [ RunTime:0.000913s ]
INFO: [ app_begin ] --END-- [ RunTime:0.001119s ]
SQL: SHOW COLUMNS FROM `rms_client` [ RunTime:0.0006s ]

[ 2019-06-21T23:52:05+08:00 ] 127.0.0.1 /rms2/index.php/Home/Client/updateClient.html
INFO: [ app_init ] --START--
INFO: Run Behavior\BuildLiteBehavior [ RunTime:0.000022s ]
INFO: [ app_init ] --END-- [ RunTime:0.000522s ]
INFO: [ app_begin ] --START--
INFO: Run Behavior\ReadHtmlCacheBehavior [ RunTime:0.000847s ]
INFO: [ app_begin ] --END-- [ RunTime:0.001044s ]
SQL: SHOW COLUMNS FROM `rms_client` [ RunTime:0.0013s ]
SQL: SELECT * FROM `rms_client` WHERE `id` = '1' LIMIT 1   [ RunTime:0.0007s ]
SQL: UPDATE `rms_client` SET `id`='1',`company`='1',`telephone`='1',`address`='wqeqw',`type`='0' WHERE ( id=1 ) [ RunTime:0.0579s ]

[ 2019-06-21T23:52:23+08:00 ] 127.0.0.1 /rms2/index.php/Home/Client/updateClient.html
INFO: [ app_init ] --START--
INFO: Run Behavior\BuildLiteBehavior [ RunTime:0.000023s ]
INFO: [ app_init ] --END-- [ RunTime:0.000685s ]
INFO: [ app_begin ] --START--
INFO: Run Behavior\ReadHtmlCacheBehavior [ RunTime:0.000839s ]
INFO: [ app_begin ] --END-- [ RunTime:0.000951s ]
SQL: SHOW COLUMNS FROM `rms_client` [ RunTime:0.0010s ]
SQL: SELECT * FROM `rms_client` WHERE `id` = '3' LIMIT 1   [ RunTime:0.0003s ]
SQL: INSERT INTO `rms_client` (`id`,`company`,`telephone`,`address`,`type`) VALUES ('3','1','1','wqeqw','0') [ RunTime:0.0003s ]

